  [flask] Werkzeug appears to be used in a production deployment. Consider switching to a production web server instead.
  [flask]  * Serving Flask app 'app'
  [flask]  * Debug mode: on
  [flask] WARNING: This is a development server. Do not use it in a production deployment. Use a production WSGI server instead.
  [flask]  * Running on all addresses (0.0.0.0)
  [flask]  * Running on http://127.0.0.1:5000
  [flask]  * Running on http://172.29.122.72:5000
  [flask] Press CTRL+C to quit
  [flask]  * Restarting with stat
  [flask] Werkzeug appears to be used in a production deployment. Consider switching to a production web server instead.
  [flask]  * Debugger is active!
  [flask]  * Debugger PIN: 576-971-462
  [flask] 2026-03-29 21:55:57,120 INFO sqlalchemy.engine.Engine select pg_catalog.version()
  [flask] 2026-03-29 21:55:57,120 INFO sqlalchemy.engine.Engine [raw sql] {}
  [flask] 2026-03-29 21:55:57,120 INFO sqlalchemy.engine.Engine select current_schema()
  [flask] 2026-03-29 21:55:57,120 INFO sqlalchemy.engine.Engine [raw sql] {}
  [flask] 2026-03-29 21:55:57,121 INFO sqlalchemy.engine.Engine show standard_conforming_strings
  [flask] 2026-03-29 21:55:57,121 INFO sqlalchemy.engine.Engine [raw sql] {}
  [flask] 2026-03-29 21:55:57,122 INFO sqlalchemy.engine.Engine BEGIN (implicit)
  [flask] 2026-03-29 21:55:57,122 INFO sqlalchemy.engine.Engine SELECT 1
  [flask] 2026-03-29 21:55:57,122 INFO sqlalchemy.engine.Engine [generated in 0.00007s] {}
  [flask] 2026-03-29 21:55:57,124 INFO sqlalchemy.engine.Engine ROLLBACK
  [flask] 127.0.0.1 - - [29/Mar/2026 21:55:57] "GET /health HTTP/1.1" 200 -
  [flask] 2026-03-29 22:00:25,734 INFO sqlalchemy.engine.Engine BEGIN (implicit)
  [flask] 2026-03-29 22:00:25,737 INFO sqlalchemy.engine.Engine SELECT users.id AS users_id, users.email AS users_email, users.username AS users_username, users.password_hash AS users_password_hash, users.is_active AS users_is_active, users.email_verified AS users_email_verified, users.password_reset_token AS users_password_reset_token, users.password_reset_expires AS users_password_reset_expires, users.created_at AS users_created_at, users.updated_at AS users_updated_at 
  [flask] FROM users 
  [flask] WHERE users.email = %(email_1)s 
  [flask]  LIMIT %(param_1)s
  [flask] 2026-03-29 22:00:25,737 INFO sqlalchemy.engine.Engine [generated in 0.00026s] {'email_1': 'user@user.com', 'param_1': 1}
  [flask] 2026-03-29 22:00:25,743 INFO sqlalchemy.engine.Engine SELECT users_1.id AS users_1_id, roles.id AS roles_id, roles.name AS roles_name, roles.description AS roles_description, roles.created_at AS roles_created_at 
  [flask] FROM users AS users_1 JOIN user_roles AS user_roles_1 ON users_1.id = user_roles_1.user_id JOIN roles ON roles.id = user_roles_1.role_id 
  [flask] WHERE users_1.id IN (%(primary_keys_1)s)
  [flask] 2026-03-29 22:00:25,743 INFO sqlalchemy.engine.Engine [generated in 0.00024s] {'primary_keys_1': 2}
  [flask] 2026-03-29 22:00:25,977 INFO sqlalchemy.engine.Engine ROLLBACK
  [flask] 127.0.0.1 - - [29/Mar/2026 22:00:25] "POST /api/auth/login HTTP/1.1" 200 -
  [flask] 127.0.0.1 - - [29/Mar/2026 22:00:27] "OPTIONS /api/extension/instances HTTP/1.1" 200 -
  [flask] 127.0.0.1 - - [29/Mar/2026 22:00:27] "OPTIONS /api/stats HTTP/1.1" 200 -
  [flask] 127.0.0.1 - - [29/Mar/2026 22:00:27] "OPTIONS /api/stats HTTP/1.1" 200 -
  [flask] 127.0.0.1 - - [29/Mar/2026 22:00:27] "OPTIONS /api/extension/instances HTTP/1.1" 200 -
  [flask] 2026-03-29 22:00:27,754 INFO sqlalchemy.engine.Engine BEGIN (implicit)
  [flask] 2026-03-29 22:00:27,755 INFO sqlalchemy.engine.Engine SELECT extension_instances.id AS extension_instances_id, extension_instances.user_id AS extension_instances_user_id, extension_instances.instance_token AS extension_instances_instance_token, extension_instances.browser AS extension_instances_browser, extension_instances.os_name AS extension_instances_os_name, extension_instances.last_seen AS extension_instances_last_seen, extension_instances.created_at AS extension_instances_created_at 
  [flask] FROM extension_instances 
  [flask] WHERE extension_instances.user_id = %(user_id_1)s ORDER BY extension_instances.created_at DESC
  [flask] 2026-03-29 22:00:27,755 INFO sqlalchemy.engine.Engine [generated in 0.00010s] {'user_id_1': 2}
  [flask] 2026-03-29 22:00:27,760 INFO sqlalchemy.engine.Engine ROLLBACK
  [flask] 127.0.0.1 - - [29/Mar/2026 22:00:27] "GET /api/extension/instances HTTP/1.1" 200 -
  [flask] 2026-03-29 22:00:27,820 INFO sqlalchemy.engine.Engine BEGIN (implicit)
  [flask] 2026-03-29 22:00:27,821 INFO sqlalchemy.engine.Engine SELECT coalesce(sum(api_calls.cost), %(coalesce_2)s) AS coalesce_1 
  [flask] FROM api_calls
  [flask] 2026-03-29 22:00:27,822 INFO sqlalchemy.engine.Engine [generated in 0.00010s] {'coalesce_2': 0}
  [flask] 2026-03-29 22:00:27,827 INFO sqlalchemy.engine.Engine SELECT coalesce(sum(rounds.processed_emails), %(coalesce_2)s) AS coalesce_1 
  [flask] FROM rounds
  [flask] 2026-03-29 22:00:27,827 INFO sqlalchemy.engine.Engine [generated in 0.00016s] {'coalesce_2': 0}
  [flask] 2026-03-29 22:00:27,829 INFO sqlalchemy.engine.Engine SELECT count(emails.id) AS count_1 
  [flask] FROM emails 
  [flask] WHERE emails.detector_verdict = %(detector_verdict_1)s
  [flask] 2026-03-29 22:00:27,829 INFO sqlalchemy.engine.Engine [generated in 0.00008s] {'detector_verdict_1': 'phishing'}
  [flask] 2026-03-29 22:00:27,833 INFO sqlalchemy.engine.Engine ROLLBACK
  [flask] 127.0.0.1 - - [29/Mar/2026 22:00:27] "GET /api/stats HTTP/1.1" 200 -
  [flask] 2026-03-29 22:00:27,837 INFO sqlalchemy.engine.Engine BEGIN (implicit)
  [flask] 2026-03-29 22:00:27,838 INFO sqlalchemy.engine.Engine SELECT extension_instances.id AS extension_instances_id, extension_instances.user_id AS extension_instances_user_id, extension_instances.instance_token AS extension_instances_instance_token, extension_instances.browser AS extension_instances_browser, extension_instances.os_name AS extension_instances_os_name, extension_instances.last_seen AS extension_instances_last_seen, extension_instances.created_at AS extension_instances_created_at 
  [flask] FROM extension_instances 
  [flask] WHERE extension_instances.user_id = %(user_id_1)s ORDER BY extension_instances.created_at DESC
  [flask] 2026-03-29 22:00:27,838 INFO sqlalchemy.engine.Engine [cached since 0.08278s ago] {'user_id_1': 2}
  [flask] 2026-03-29 22:00:27,839 INFO sqlalchemy.engine.Engine ROLLBACK
  [flask] 127.0.0.1 - - [29/Mar/2026 22:00:27] "GET /api/extension/instances HTTP/1.1" 200 -
  [flask] 2026-03-29 22:00:28,102 INFO sqlalchemy.engine.Engine BEGIN (implicit)
  [flask] 2026-03-29 22:00:28,102 INFO sqlalchemy.engine.Engine SELECT coalesce(sum(api_calls.cost), %(coalesce_2)s) AS coalesce_1 
  [flask] FROM api_calls
  [flask] 2026-03-29 22:00:28,102 INFO sqlalchemy.engine.Engine [cached since 0.2805s ago] {'coalesce_2': 0}
  [flask] 2026-03-29 22:00:28,103 INFO sqlalchemy.engine.Engine SELECT coalesce(sum(rounds.processed_emails), %(coalesce_2)s) AS coalesce_1 
  [flask] FROM rounds
  [flask] 2026-03-29 22:00:28,103 INFO sqlalchemy.engine.Engine [cached since 0.2761s ago] {'coalesce_2': 0}
  [flask] 2026-03-29 22:00:28,103 INFO sqlalchemy.engine.Engine SELECT count(emails.id) AS count_1 
  [flask] FROM emails 
  [flask] WHERE emails.detector_verdict = %(detector_verdict_1)s
  [flask] 2026-03-29 22:00:28,103 INFO sqlalchemy.engine.Engine [cached since 0.2742s ago] {'detector_verdict_1': 'phishing'}
  [flask] 2026-03-29 22:00:28,104 INFO sqlalchemy.engine.Engine ROLLBACK
  [flask] 127.0.0.1 - - [29/Mar/2026 22:00:28] "GET /api/stats HTTP/1.1" 200 -
  [flask] 2026-03-29 22:00:28,165 INFO sqlalchemy.engine.Engine BEGIN (implicit)
  [flask] 2026-03-29 22:00:28,166 INFO sqlalchemy.engine.Engine SELECT coalesce(sum(api_calls.cost), %(coalesce_2)s) AS coalesce_1 
  [flask] FROM api_calls
  [flask] 2026-03-29 22:00:28,166 INFO sqlalchemy.engine.Engine [cached since 0.3442s ago] {'coalesce_2': 0}
  [flask] 2026-03-29 22:00:28,167 INFO sqlalchemy.engine.Engine SELECT coalesce(sum(rounds.processed_emails), %(coalesce_2)s) AS coalesce_1 
  [flask] FROM rounds
  [flask] 2026-03-29 22:00:28,167 INFO sqlalchemy.engine.Engine [cached since 0.3406s ago] {'coalesce_2': 0}
  [flask] 2026-03-29 22:00:28,168 INFO sqlalchemy.engine.Engine SELECT count(emails.id) AS count_1 
  [flask] FROM emails 
  [flask] WHERE emails.detector_verdict = %(detector_verdict_1)s
  [flask] 2026-03-29 22:00:28,168 INFO sqlalchemy.engine.Engine [cached since 0.3393s ago] {'detector_verdict_1': 'phishing'}
  [flask] 2026-03-29 22:00:28,169 INFO sqlalchemy.engine.Engine ROLLBACK
  [flask] 127.0.0.1 - - [29/Mar/2026 22:00:28] "GET /api/stats HTTP/1.1" 200 -
  [flask] 2026-03-29 22:00:28,447 INFO sqlalchemy.engine.Engine BEGIN (implicit)
  [flask] 2026-03-29 22:00:28,447 INFO sqlalchemy.engine.Engine SELECT coalesce(sum(api_calls.cost), %(coalesce_2)s) AS coalesce_1 
  [flask] FROM api_calls
  [flask] 2026-03-29 22:00:28,447 INFO sqlalchemy.engine.Engine [cached since 0.6257s ago] {'coalesce_2': 0}
  [flask] 2026-03-29 22:00:28,448 INFO sqlalchemy.engine.Engine SELECT coalesce(sum(rounds.processed_emails), %(coalesce_2)s) AS coalesce_1 
  [flask] FROM rounds
  [flask] 2026-03-29 22:00:28,448 INFO sqlalchemy.engine.Engine [cached since 0.6214s ago] {'coalesce_2': 0}
  [flask] 2026-03-29 22:00:28,449 INFO sqlalchemy.engine.Engine SELECT count(emails.id) AS count_1 
  [flask] FROM emails 
  [flask] WHERE emails.detector_verdict = %(detector_verdict_1)s
  [flask] 2026-03-29 22:00:28,449 INFO sqlalchemy.engine.Engine [cached since 0.6199s ago] {'detector_verdict_1': 'phishing'}
  [flask] 2026-03-29 22:00:28,450 INFO sqlalchemy.engine.Engine ROLLBACK
  [flask] 127.0.0.1 - - [29/Mar/2026 22:00:28] "GET /api/stats HTTP/1.1" 200 -
  [flask] 127.0.0.1 - - [29/Mar/2026 22:03:41] "OPTIONS /api/stats HTTP/1.1" 200 -
  [flask] 127.0.0.1 - - [29/Mar/2026 22:03:41] "OPTIONS /api/stats HTTP/1.1" 200 -
  [flask] 127.0.0.1 - - [29/Mar/2026 22:03:41] "OPTIONS /api/extension/instances HTTP/1.1" 200 -
  [flask] 127.0.0.1 - - [29/Mar/2026 22:03:41] "OPTIONS /api/stats HTTP/1.1" 200 -
  [flask] 127.0.0.1 - - [29/Mar/2026 22:03:41] "OPTIONS /api/stats HTTP/1.1" 200 -
  [flask] 127.0.0.1 - - [29/Mar/2026 22:03:41] "OPTIONS /api/extension/instances HTTP/1.1" 200 -
  [flask] 127.0.0.1 - - [29/Mar/2026 22:03:41] "OPTIONS /api/stats HTTP/1.1" 200 -
  [flask] 127.0.0.1 - - [29/Mar/2026 22:03:41] "OPTIONS /api/stats HTTP/1.1" 200 -
  [flask] 127.0.0.1 - - [29/Mar/2026 22:03:41] "OPTIONS /api/extension/instances HTTP/1.1" 200 -
  [flask] 127.0.0.1 - - [29/Mar/2026 22:03:41] "OPTIONS /api/extension/instances HTTP/1.1" 200 -
  [flask] 2026-03-29 22:03:41,795 INFO sqlalchemy.engine.Engine BEGIN (implicit)
  [flask] 2026-03-29 22:03:41,796 INFO sqlalchemy.engine.Engine SELECT coalesce(sum(api_calls.cost), %(coalesce_2)s) AS coalesce_1 
  [flask] FROM api_calls
  [flask] 2026-03-29 22:03:41,796 INFO sqlalchemy.engine.Engine [cached since 207.3s ago] {'coalesce_2': 0}
  [flask] 2026-03-29 22:03:41,799 INFO sqlalchemy.engine.Engine SELECT coalesce(sum(rounds.processed_emails), %(coalesce_2)s) AS coalesce_1 
  [flask] FROM rounds
  [flask] 2026-03-29 22:03:41,799 INFO sqlalchemy.engine.Engine [cached since 207.3s ago] {'coalesce_2': 0}
  [flask] 2026-03-29 22:03:41,801 INFO sqlalchemy.engine.Engine SELECT count(emails.id) AS count_1 
  [flask] FROM emails 
  [flask] WHERE emails.detector_verdict = %(detector_verdict_1)s
  [flask] 2026-03-29 22:03:41,801 INFO sqlalchemy.engine.Engine [cached since 207.3s ago] {'detector_verdict_1': 'phishing'}
  [flask] 2026-03-29 22:03:41,802 INFO sqlalchemy.engine.Engine ROLLBACK
  [flask] 127.0.0.1 - - [29/Mar/2026 22:03:41] "GET /api/stats HTTP/1.1" 200 -
  [flask] 2026-03-29 22:03:41,808 INFO sqlalchemy.engine.Engine BEGIN (implicit)
  [flask] 2026-03-29 22:03:41,808 INFO sqlalchemy.engine.Engine SELECT extension_instances.id AS extension_instances_id, extension_instances.user_id AS extension_instances_user_id, extension_instances.instance_token AS extension_instances_instance_token, extension_instances.browser AS extension_instances_browser, extension_instances.os_name AS extension_instances_os_name, extension_instances.last_seen AS extension_instances_last_seen, extension_instances.created_at AS extension_instances_created_at 
  [flask] FROM extension_instances 
  [flask] WHERE extension_instances.user_id = %(user_id_1)s ORDER BY extension_instances.created_at DESC
  [flask] 2026-03-29 22:03:41,808 INFO sqlalchemy.engine.Engine [cached since 207.3s ago] {'user_id_1': 2}
  [flask] 2026-03-29 22:03:41,814 INFO sqlalchemy.engine.Engine ROLLBACK
  [flask] 127.0.0.1 - - [29/Mar/2026 22:03:41] "GET /api/extension/instances HTTP/1.1" 200 -
  [flask] 2026-03-29 22:03:42,148 INFO sqlalchemy.engine.Engine BEGIN (implicit)
  [flask] 2026-03-29 22:03:42,149 INFO sqlalchemy.engine.Engine SELECT extension_instances.id AS extension_instances_id, extension_instances.user_id AS extension_instances_user_id, extension_instances.instance_token AS extension_instances_instance_token, extension_instances.browser AS extension_instances_browser, extension_instances.os_name AS extension_instances_os_name, extension_instances.last_seen AS extension_instances_last_seen, extension_instances.created_at AS extension_instances_created_at 
  [flask] FROM extension_instances 
  [flask] WHERE extension_instances.user_id = %(user_id_1)s ORDER BY extension_instances.created_at DESC
  [flask] 2026-03-29 22:03:42,149 INFO sqlalchemy.engine.Engine [cached since 207.7s ago] {'user_id_1': 2}
  [flask] 2026-03-29 22:03:42,149 INFO sqlalchemy.engine.Engine BEGIN (implicit)
  [flask] 2026-03-29 22:03:42,149 INFO sqlalchemy.engine.Engine SELECT coalesce(sum(api_calls.cost), %(coalesce_2)s) AS coalesce_1 
  [flask] FROM api_calls
  [flask] 2026-03-29 22:03:42,149 INFO sqlalchemy.engine.Engine [cached since 207.6s ago] {'coalesce_2': 0}
  [flask] 2026-03-29 22:03:42,150 INFO sqlalchemy.engine.Engine ROLLBACK
  [flask] 127.0.0.1 - - [29/Mar/2026 22:03:42] "GET /api/extension/instances HTTP/1.1" 200 -
  [flask] 2026-03-29 22:03:42,151 INFO sqlalchemy.engine.Engine SELECT coalesce(sum(rounds.processed_emails), %(coalesce_2)s) AS coalesce_1 
  [flask] FROM rounds
  [flask] 2026-03-29 22:03:42,151 INFO sqlalchemy.engine.Engine [cached since 207.6s ago] {'coalesce_2': 0}
  [flask] 2026-03-29 22:03:42,152 INFO sqlalchemy.engine.Engine SELECT count(emails.id) AS count_1 
  [flask] FROM emails 
  [flask] WHERE emails.detector_verdict = %(detector_verdict_1)s
  [flask] 2026-03-29 22:03:42,152 INFO sqlalchemy.engine.Engine [cached since 207.6s ago] {'detector_verdict_1': 'phishing'}
  [flask] 2026-03-29 22:03:42,155 INFO sqlalchemy.engine.Engine ROLLBACK
  [flask] 127.0.0.1 - - [29/Mar/2026 22:03:42] "GET /api/stats HTTP/1.1" 200 -
  [flask] 2026-03-29 22:03:42,478 INFO sqlalchemy.engine.Engine BEGIN (implicit)
  [flask] 2026-03-29 22:03:42,479 INFO sqlalchemy.engine.Engine SELECT extension_instances.id AS extension_instances_id, extension_instances.user_id AS extension_instances_user_id, extension_instances.instance_token AS extension_instances_instance_token, extension_instances.browser AS extension_instances_browser, extension_instances.os_name AS extension_instances_os_name, extension_instances.last_seen AS extension_instances_last_seen, extension_instances.created_at AS extension_instances_created_at 
  [flask] FROM extension_instances 
  [flask] WHERE extension_instances.user_id = %(user_id_1)s ORDER BY extension_instances.created_at DESC
  [flask] 2026-03-29 22:03:42,479 INFO sqlalchemy.engine.Engine [cached since 208s ago] {'user_id_1': 2}
  [flask] 2026-03-29 22:03:42,480 INFO sqlalchemy.engine.Engine ROLLBACK
  [flask] 127.0.0.1 - - [29/Mar/2026 22:03:42] "GET /api/extension/instances HTTP/1.1" 200 -
  [flask] 2026-03-29 22:03:42,487 INFO sqlalchemy.engine.Engine BEGIN (implicit)
  [flask] 2026-03-29 22:03:42,487 INFO sqlalchemy.engine.Engine SELECT coalesce(sum(api_calls.cost), %(coalesce_2)s) AS coalesce_1 
  [flask] FROM api_calls
  [flask] 2026-03-29 22:03:42,487 INFO sqlalchemy.engine.Engine [cached since 208s ago] {'coalesce_2': 0}
  [flask] 2026-03-29 22:03:42,488 INFO sqlalchemy.engine.Engine SELECT coalesce(sum(rounds.processed_emails), %(coalesce_2)s) AS coalesce_1 
  [flask] FROM rounds
  [flask] 2026-03-29 22:03:42,488 INFO sqlalchemy.engine.Engine [cached since 208s ago] {'coalesce_2': 0}
  [flask] 2026-03-29 22:03:42,489 INFO sqlalchemy.engine.Engine SELECT count(emails.id) AS count_1 
  [flask] FROM emails 
  [flask] WHERE emails.detector_verdict = %(detector_verdict_1)s
  [flask] 2026-03-29 22:03:42,489 INFO sqlalchemy.engine.Engine [cached since 208s ago] {'detector_verdict_1': 'phishing'}
  [flask] 2026-03-29 22:03:42,490 INFO sqlalchemy.engine.Engine ROLLBACK
  [flask] 127.0.0.1 - - [29/Mar/2026 22:03:42] "GET /api/stats HTTP/1.1" 200 -
  [flask] 2026-03-29 22:03:42,812 INFO sqlalchemy.engine.Engine BEGIN (implicit)
  [flask] 2026-03-29 22:03:42,813 INFO sqlalchemy.engine.Engine SELECT extension_instances.id AS extension_instances_id, extension_instances.user_id AS extension_instances_user_id, extension_instances.instance_token AS extension_instances_instance_token, extension_instances.browser AS extension_instances_browser, extension_instances.os_name AS extension_instances_os_name, extension_instances.last_seen AS extension_instances_last_seen, extension_instances.created_at AS extension_instances_created_at 
  [flask] FROM extension_instances 
  [flask] WHERE extension_instances.user_id = %(user_id_1)s ORDER BY extension_instances.created_at DESC
  [flask] 2026-03-29 22:03:42,813 INFO sqlalchemy.engine.Engine [cached since 208.3s ago] {'user_id_1': 2}
  [flask] 2026-03-29 22:03:42,813 INFO sqlalchemy.engine.Engine ROLLBACK
  [flask] 127.0.0.1 - - [29/Mar/2026 22:03:42] "GET /api/extension/instances HTTP/1.1" 200 -
  [flask] 2026-03-29 22:03:42,819 INFO sqlalchemy.engine.Engine BEGIN (implicit)
  [flask] 2026-03-29 22:03:42,819 INFO sqlalchemy.engine.Engine SELECT coalesce(sum(api_calls.cost), %(coalesce_2)s) AS coalesce_1 
  [flask] FROM api_calls
  [flask] 2026-03-29 22:03:42,819 INFO sqlalchemy.engine.Engine [cached since 208.3s ago] {'coalesce_2': 0}
  [flask] 2026-03-29 22:03:42,821 INFO sqlalchemy.engine.Engine SELECT coalesce(sum(rounds.processed_emails), %(coalesce_2)s) AS coalesce_1 
  [flask] FROM rounds
  [flask] 2026-03-29 22:03:42,821 INFO sqlalchemy.engine.Engine [cached since 208.3s ago] {'coalesce_2': 0}
  [flask] 2026-03-29 22:03:42,821 INFO sqlalchemy.engine.Engine SELECT count(emails.id) AS count_1 
  [flask] FROM emails 
  [flask] WHERE emails.detector_verdict = %(detector_verdict_1)s
  [flask] 2026-03-29 22:03:42,821 INFO sqlalchemy.engine.Engine [cached since 208.3s ago] {'detector_verdict_1': 'phishing'}
  [flask] 2026-03-29 22:03:42,822 INFO sqlalchemy.engine.Engine ROLLBACK
  [flask] 127.0.0.1 - - [29/Mar/2026 22:03:42] "GET /api/stats HTTP/1.1" 200 -
  [flask] 2026-03-29 22:03:43,163 INFO sqlalchemy.engine.Engine BEGIN (implicit)
  [flask] 2026-03-29 22:03:43,163 INFO sqlalchemy.engine.Engine SELECT coalesce(sum(api_calls.cost), %(coalesce_2)s) AS coalesce_1 
  [flask] FROM api_calls
  [flask] 2026-03-29 22:03:43,163 INFO sqlalchemy.engine.Engine [cached since 208.6s ago] {'coalesce_2': 0}
  [flask] 2026-03-29 22:03:43,164 INFO sqlalchemy.engine.Engine SELECT coalesce(sum(rounds.processed_emails), %(coalesce_2)s) AS coalesce_1 
  [flask] FROM rounds
  [flask] 2026-03-29 22:03:43,164 INFO sqlalchemy.engine.Engine [cached since 208.6s ago] {'coalesce_2': 0}
  [flask] 2026-03-29 22:03:43,164 INFO sqlalchemy.engine.Engine SELECT count(emails.id) AS count_1 
  [flask] FROM emails 
  [flask] WHERE emails.detector_verdict = %(detector_verdict_1)s
  [flask] 2026-03-29 22:03:43,164 INFO sqlalchemy.engine.Engine [cached since 208.6s ago] {'detector_verdict_1': 'phishing'}
  [flask] 2026-03-29 22:03:43,165 INFO sqlalchemy.engine.Engine ROLLBACK
  [flask] 127.0.0.1 - - [29/Mar/2026 22:03:43] "GET /api/stats HTTP/1.1" 200 -
  [flask] 2026-03-29 22:03:43,429 INFO sqlalchemy.engine.Engine BEGIN (implicit)
  [flask] 2026-03-29 22:03:43,429 INFO sqlalchemy.engine.Engine SELECT coalesce(sum(api_calls.cost), %(coalesce_2)s) AS coalesce_1 
  [flask] FROM api_calls
  [flask] 2026-03-29 22:03:43,429 INFO sqlalchemy.engine.Engine [cached since 208.9s ago] {'coalesce_2': 0}
  [flask] 2026-03-29 22:03:43,430 INFO sqlalchemy.engine.Engine SELECT coalesce(sum(rounds.processed_emails), %(coalesce_2)s) AS coalesce_1 
  [flask] FROM rounds
  [flask] 2026-03-29 22:03:43,430 INFO sqlalchemy.engine.Engine [cached since 208.9s ago] {'coalesce_2': 0}
  [flask] 2026-03-29 22:03:43,431 INFO sqlalchemy.engine.Engine SELECT count(emails.id) AS count_1 
  [flask] FROM emails 
  [flask] WHERE emails.detector_verdict = %(detector_verdict_1)s
  [flask] 2026-03-29 22:03:43,431 INFO sqlalchemy.engine.Engine [cached since 208.9s ago] {'detector_verdict_1': 'phishing'}
  [flask] 2026-03-29 22:03:43,432 INFO sqlalchemy.engine.Engine ROLLBACK
  [flask] 127.0.0.1 - - [29/Mar/2026 22:03:43] "GET /api/stats HTTP/1.1" 200 -
  [flask] 127.0.0.1 - - [29/Mar/2026 22:10:55] "OPTIONS /api/stats HTTP/1.1" 200 -
  [flask] 127.0.0.1 - - [29/Mar/2026 22:10:55] "OPTIONS /api/stats HTTP/1.1" 200 -
  [flask] 127.0.0.1 - - [29/Mar/2026 22:10:55] "OPTIONS /api/extension/instances HTTP/1.1" 200 -
  [flask] 127.0.0.1 - - [29/Mar/2026 22:10:55] "OPTIONS /api/stats HTTP/1.1" 200 -
  [flask] 127.0.0.1 - - [29/Mar/2026 22:10:55] "OPTIONS /api/stats HTTP/1.1" 200 -
  [flask] 127.0.0.1 - - [29/Mar/2026 22:10:55] "OPTIONS /api/extension/instances HTTP/1.1" 200 -
  [flask] 127.0.0.1 - - [29/Mar/2026 22:10:56] "OPTIONS /api/stats HTTP/1.1" 200 -
  [flask] 127.0.0.1 - - [29/Mar/2026 22:10:56] "OPTIONS /api/extension/instances HTTP/1.1" 200 -
  [flask] 127.0.0.1 - - [29/Mar/2026 22:10:56] "OPTIONS /api/extension/instances HTTP/1.1" 200 -
  [flask] 127.0.0.1 - - [29/Mar/2026 22:10:56] "OPTIONS /api/stats HTTP/1.1" 200 -
  [flask] 2026-03-29 22:10:56,223 INFO sqlalchemy.engine.Engine BEGIN (implicit)
  [flask] 2026-03-29 22:10:56,223 INFO sqlalchemy.engine.Engine SELECT coalesce(sum(api_calls.cost), %(coalesce_2)s) AS coalesce_1 
  [flask] FROM api_calls
  [flask] 2026-03-29 22:10:56,223 INFO sqlalchemy.engine.Engine [cached since 671.8s ago] {'coalesce_2': 0}
  [flask] 2026-03-29 22:10:56,224 INFO sqlalchemy.engine.Engine BEGIN (implicit)
  [flask] 2026-03-29 22:10:56,224 INFO sqlalchemy.engine.Engine SELECT extension_instances.id AS extension_instances_id, extension_instances.user_id AS extension_instances_user_id, extension_instances.instance_token AS extension_instances_instance_token, extension_instances.browser AS extension_instances_browser, extension_instances.os_name AS extension_instances_os_name, extension_instances.last_seen AS extension_instances_last_seen, extension_instances.created_at AS extension_instances_created_at 
  [flask] FROM extension_instances 
  [flask] WHERE extension_instances.user_id = %(user_id_1)s ORDER BY extension_instances.created_at DESC
  [flask] 2026-03-29 22:10:56,224 INFO sqlalchemy.engine.Engine [cached since 671.9s ago] {'user_id_1': 2}
  [flask] 2026-03-29 22:10:56,225 INFO sqlalchemy.engine.Engine SELECT coalesce(sum(rounds.processed_emails), %(coalesce_2)s) AS coalesce_1 
  [flask] FROM rounds
  [flask] 2026-03-29 22:10:56,225 INFO sqlalchemy.engine.Engine [cached since 671.8s ago] {'coalesce_2': 0}
  [flask] 2026-03-29 22:10:56,225 INFO sqlalchemy.engine.Engine ROLLBACK
  [flask] 2026-03-29 22:10:56,226 INFO sqlalchemy.engine.Engine SELECT count(emails.id) AS count_1 
  [flask] FROM emails 
  [flask] WHERE emails.detector_verdict = %(detector_verdict_1)s
  [flask] 2026-03-29 22:10:56,226 INFO sqlalchemy.engine.Engine [cached since 671.8s ago] {'detector_verdict_1': 'phishing'}
  [flask] 127.0.0.1 - - [29/Mar/2026 22:10:56] "GET /api/extension/instances HTTP/1.1" 200 -
  [flask] 2026-03-29 22:10:56,226 INFO sqlalchemy.engine.Engine ROLLBACK
  [flask] 127.0.0.1 - - [29/Mar/2026 22:10:56] "GET /api/stats HTTP/1.1" 200 -
  [flask] 2026-03-29 22:10:56,573 INFO sqlalchemy.engine.Engine BEGIN (implicit)
  [flask] 2026-03-29 22:10:56,574 INFO sqlalchemy.engine.Engine SELECT coalesce(sum(api_calls.cost), %(coalesce_2)s) AS coalesce_1 
  [flask] FROM api_calls
  [flask] 2026-03-29 22:10:56,574 INFO sqlalchemy.engine.Engine [cached since 672.1s ago] {'coalesce_2': 0}
  [flask] 2026-03-29 22:10:56,575 INFO sqlalchemy.engine.Engine SELECT coalesce(sum(rounds.processed_emails), %(coalesce_2)s) AS coalesce_1 
  [flask] FROM rounds
  [flask] 2026-03-29 22:10:56,575 INFO sqlalchemy.engine.Engine [cached since 672.1s ago] {'coalesce_2': 0}
  [flask] 2026-03-29 22:10:56,575 INFO sqlalchemy.engine.Engine SELECT count(emails.id) AS count_1 
  [flask] FROM emails 
  [flask] WHERE emails.detector_verdict = %(detector_verdict_1)s
  [flask] 2026-03-29 22:10:56,575 INFO sqlalchemy.engine.Engine [cached since 672.1s ago] {'detector_verdict_1': 'phishing'}
  [flask] 2026-03-29 22:10:56,576 INFO sqlalchemy.engine.Engine ROLLBACK
  [flask] 127.0.0.1 - - [29/Mar/2026 22:10:56] "GET /api/stats HTTP/1.1" 200 -
  [flask] 2026-03-29 22:10:56,580 INFO sqlalchemy.engine.Engine BEGIN (implicit)
  [flask] 2026-03-29 22:10:56,580 INFO sqlalchemy.engine.Engine SELECT extension_instances.id AS extension_instances_id, extension_instances.user_id AS extension_instances_user_id, extension_instances.instance_token AS extension_instances_instance_token, extension_instances.browser AS extension_instances_browser, extension_instances.os_name AS extension_instances_os_name, extension_instances.last_seen AS extension_instances_last_seen, extension_instances.created_at AS extension_instances_created_at 
  [flask] FROM extension_instances 
  [flask] WHERE extension_instances.user_id = %(user_id_1)s ORDER BY extension_instances.created_at DESC
  [flask] 2026-03-29 22:10:56,580 INFO sqlalchemy.engine.Engine [cached since 672.2s ago] {'user_id_1': 2}
  [flask] 2026-03-29 22:10:56,581 INFO sqlalchemy.engine.Engine ROLLBACK
  [flask] 127.0.0.1 - - [29/Mar/2026 22:10:56] "GET /api/extension/instances HTTP/1.1" 200 -
  [flask] 2026-03-29 22:10:56,915 INFO sqlalchemy.engine.Engine BEGIN (implicit)
  [flask] 2026-03-29 22:10:56,915 INFO sqlalchemy.engine.Engine SELECT extension_instances.id AS extension_instances_id, extension_instances.user_id AS extension_instances_user_id, extension_instances.instance_token AS extension_instances_instance_token, extension_instances.browser AS extension_instances_browser, extension_instances.os_name AS extension_instances_os_name, extension_instances.last_seen AS extension_instances_last_seen, extension_instances.created_at AS extension_instances_created_at 
  [flask] FROM extension_instances 
  [flask] WHERE extension_instances.user_id = %(user_id_1)s ORDER BY extension_instances.created_at DESC
  [flask] 2026-03-29 22:10:56,915 INFO sqlalchemy.engine.Engine [cached since 672.6s ago] {'user_id_1': 2}
  [flask] 2026-03-29 22:10:56,915 INFO sqlalchemy.engine.Engine BEGIN (implicit)
  [flask] 2026-03-29 22:10:56,915 INFO sqlalchemy.engine.Engine SELECT coalesce(sum(api_calls.cost), %(coalesce_2)s) AS coalesce_1 
  [flask] FROM api_calls
  [flask] 2026-03-29 22:10:56,915 INFO sqlalchemy.engine.Engine [cached since 672.5s ago] {'coalesce_2': 0}
  [flask] 2026-03-29 22:10:56,917 INFO sqlalchemy.engine.Engine ROLLBACK
  [flask] 2026-03-29 22:10:56,917 INFO sqlalchemy.engine.Engine SELECT coalesce(sum(rounds.processed_emails), %(coalesce_2)s) AS coalesce_1 
  [flask] FROM rounds
  [flask] 2026-03-29 22:10:56,917 INFO sqlalchemy.engine.Engine [cached since 672.5s ago] {'coalesce_2': 0}
  [flask] 127.0.0.1 - - [29/Mar/2026 22:10:56] "GET /api/extension/instances HTTP/1.1" 200 -
  [flask] 2026-03-29 22:10:56,918 INFO sqlalchemy.engine.Engine SELECT count(emails.id) AS count_1 
  [flask] FROM emails 
  [flask] WHERE emails.detector_verdict = %(detector_verdict_1)s
  [flask] 2026-03-29 22:10:56,918 INFO sqlalchemy.engine.Engine [cached since 672.5s ago] {'detector_verdict_1': 'phishing'}
  [flask] 2026-03-29 22:10:56,922 INFO sqlalchemy.engine.Engine ROLLBACK
  [flask] 127.0.0.1 - - [29/Mar/2026 22:10:56] "GET /api/stats HTTP/1.1" 200 -
  [flask] 2026-03-29 22:10:57,258 INFO sqlalchemy.engine.Engine BEGIN (implicit)
  [flask] 2026-03-29 22:10:57,258 INFO sqlalchemy.engine.Engine SELECT coalesce(sum(api_calls.cost), %(coalesce_2)s) AS coalesce_1 
  [flask] FROM api_calls
  [flask] 2026-03-29 22:10:57,258 INFO sqlalchemy.engine.Engine [cached since 672.8s ago] {'coalesce_2': 0}
  [flask] 2026-03-29 22:10:57,259 INFO sqlalchemy.engine.Engine BEGIN (implicit)
  [flask] 2026-03-29 22:10:57,259 INFO sqlalchemy.engine.Engine SELECT extension_instances.id AS extension_instances_id, extension_instances.user_id AS extension_instances_user_id, extension_instances.instance_token AS extension_instances_instance_token, extension_instances.browser AS extension_instances_browser, extension_instances.os_name AS extension_instances_os_name, extension_instances.last_seen AS extension_instances_last_seen, extension_instances.created_at AS extension_instances_created_at 
  [flask] FROM extension_instances 
  [flask] WHERE extension_instances.user_id = %(user_id_1)s ORDER BY extension_instances.created_at DESC
  [flask] 2026-03-29 22:10:57,259 INFO sqlalchemy.engine.Engine [cached since 672.9s ago] {'user_id_1': 2}
  [flask] 2026-03-29 22:10:57,260 INFO sqlalchemy.engine.Engine SELECT coalesce(sum(rounds.processed_emails), %(coalesce_2)s) AS coalesce_1 
  [flask] FROM rounds
  [flask] 2026-03-29 22:10:57,260 INFO sqlalchemy.engine.Engine [cached since 672.8s ago] {'coalesce_2': 0}
  [flask] 2026-03-29 22:10:57,260 INFO sqlalchemy.engine.Engine ROLLBACK
  [flask] 2026-03-29 22:10:57,261 INFO sqlalchemy.engine.Engine SELECT count(emails.id) AS count_1 
  [flask] FROM emails 
  [flask] WHERE emails.detector_verdict = %(detector_verdict_1)s
  [flask] 2026-03-29 22:10:57,261 INFO sqlalchemy.engine.Engine [cached since 672.8s ago] {'detector_verdict_1': 'phishing'}
  [flask] 127.0.0.1 - - [29/Mar/2026 22:10:57] "GET /api/extension/instances HTTP/1.1" 200 -
  [flask] 2026-03-29 22:10:57,261 INFO sqlalchemy.engine.Engine ROLLBACK
  [flask] 127.0.0.1 - - [29/Mar/2026 22:10:57] "GET /api/stats HTTP/1.1" 200 -
  [flask] 127.0.0.1 - - [29/Mar/2026 22:10:57] "OPTIONS /api/auth/me HTTP/1.1" 200 -
  [flask] 127.0.0.1 - - [29/Mar/2026 22:10:57] "OPTIONS /api/auth/me HTTP/1.1" 200 -
  [flask] 2026-03-29 22:10:57,592 INFO sqlalchemy.engine.Engine BEGIN (implicit)
  [flask] 2026-03-29 22:10:57,593 INFO sqlalchemy.engine.Engine SELECT coalesce(sum(api_calls.cost), %(coalesce_2)s) AS coalesce_1 
  [flask] FROM api_calls
  [flask] 2026-03-29 22:10:57,593 INFO sqlalchemy.engine.Engine [cached since 673.2s ago] {'coalesce_2': 0}
  [flask] 2026-03-29 22:10:57,593 INFO sqlalchemy.engine.Engine BEGIN (implicit)
  [flask] 2026-03-29 22:10:57,593 INFO sqlalchemy.engine.Engine SELECT extension_instances.id AS extension_instances_id, extension_instances.user_id AS extension_instances_user_id, extension_instances.instance_token AS extension_instances_instance_token, extension_instances.browser AS extension_instances_browser, extension_instances.os_name AS extension_instances_os_name, extension_instances.last_seen AS extension_instances_last_seen, extension_instances.created_at AS extension_instances_created_at 
  [flask] FROM extension_instances 
  [flask] WHERE extension_instances.user_id = %(user_id_1)s ORDER BY extension_instances.created_at DESC
  [flask] 2026-03-29 22:10:57,593 INFO sqlalchemy.engine.Engine [cached since 673.2s ago] {'user_id_1': 2}
  [flask] 2026-03-29 22:10:57,594 INFO sqlalchemy.engine.Engine SELECT coalesce(sum(rounds.processed_emails), %(coalesce_2)s) AS coalesce_1 
  [flask] FROM rounds
  [flask] 2026-03-29 22:10:57,594 INFO sqlalchemy.engine.Engine [cached since 673.2s ago] {'coalesce_2': 0}
  [flask] 2026-03-29 22:10:57,595 INFO sqlalchemy.engine.Engine ROLLBACK
  [flask] 2026-03-29 22:10:57,595 INFO sqlalchemy.engine.Engine SELECT count(emails.id) AS count_1 
  [flask] FROM emails 
  [flask] WHERE emails.detector_verdict = %(detector_verdict_1)s
  [flask] 2026-03-29 22:10:57,595 INFO sqlalchemy.engine.Engine [cached since 673.2s ago] {'detector_verdict_1': 'phishing'}
  [flask] 127.0.0.1 - - [29/Mar/2026 22:10:57] "GET /api/extension/instances HTTP/1.1" 200 -
  [flask] 2026-03-29 22:10:57,596 INFO sqlalchemy.engine.Engine ROLLBACK
  [flask] 127.0.0.1 - - [29/Mar/2026 22:10:57] "GET /api/stats HTTP/1.1" 200 -
  [flask] 2026-03-29 22:10:57,691 INFO sqlalchemy.engine.Engine BEGIN (implicit)
  [flask] 2026-03-29 22:10:57,692 INFO sqlalchemy.engine.Engine SELECT users.id AS users_id, users.email AS users_email, users.username AS users_username, users.password_hash AS users_password_hash, users.is_active AS users_is_active, users.email_verified AS users_email_verified, users.password_reset_token AS users_password_reset_token, users.password_reset_expires AS users_password_reset_expires, users.created_at AS users_created_at, users.updated_at AS users_updated_at 
  [flask] FROM users 
  [flask] WHERE users.id = %(pk_1)s
  [flask] 2026-03-29 22:10:57,692 INFO sqlalchemy.engine.Engine [generated in 0.00011s] {'pk_1': 2}
  [flask] 2026-03-29 22:10:57,694 INFO sqlalchemy.engine.Engine SELECT users_1.id AS users_1_id, roles.id AS roles_id, roles.name AS roles_name, roles.description AS roles_description, roles.created_at AS roles_created_at 
  [flask] FROM users AS users_1 JOIN user_roles AS user_roles_1 ON users_1.id = user_roles_1.user_id JOIN roles ON roles.id = user_roles_1.role_id 
  [flask] WHERE users_1.id IN (%(primary_keys_1)s)
  [flask] 2026-03-29 22:10:57,694 INFO sqlalchemy.engine.Engine [cached since 675.3s ago] {'primary_keys_1': 2}
  [flask] 2026-03-29 22:10:57,697 INFO sqlalchemy.engine.Engine ROLLBACK
  [flask] 127.0.0.1 - - [29/Mar/2026 22:10:57] "GET /api/auth/me HTTP/1.1" 200 -
  [flask] 2026-03-29 22:10:57,925 INFO sqlalchemy.engine.Engine BEGIN (implicit)
  [flask] 2026-03-29 22:10:57,926 INFO sqlalchemy.engine.Engine SELECT extension_instances.id AS extension_instances_id, extension_instances.user_id AS extension_instances_user_id, extension_instances.instance_token AS extension_instances_instance_token, extension_instances.browser AS extension_instances_browser, extension_instances.os_name AS extension_instances_os_name, extension_instances.last_seen AS extension_instances_last_seen, extension_instances.created_at AS extension_instances_created_at 
  [flask] FROM extension_instances 
  [flask] WHERE extension_instances.user_id = %(user_id_1)s ORDER BY extension_instances.created_at DESC
  [flask] 2026-03-29 22:10:57,926 INFO sqlalchemy.engine.Engine [cached since 673.6s ago] {'user_id_1': 2}
  [flask] 2026-03-29 22:10:57,926 INFO sqlalchemy.engine.Engine BEGIN (implicit)
  [flask] 2026-03-29 22:10:57,926 INFO sqlalchemy.engine.Engine SELECT coalesce(sum(api_calls.cost), %(coalesce_2)s) AS coalesce_1 
  [flask] FROM api_calls
  [flask] 2026-03-29 22:10:57,926 INFO sqlalchemy.engine.Engine [cached since 673.5s ago] {'coalesce_2': 0}
  [flask] 2026-03-29 22:10:57,927 INFO sqlalchemy.engine.Engine ROLLBACK
  [flask] 2026-03-29 22:10:57,927 INFO sqlalchemy.engine.Engine SELECT coalesce(sum(rounds.processed_emails), %(coalesce_2)s) AS coalesce_1 
  [flask] FROM rounds
  [flask] 2026-03-29 22:10:57,927 INFO sqlalchemy.engine.Engine [cached since 673.5s ago] {'coalesce_2': 0}
  [flask] 127.0.0.1 - - [29/Mar/2026 22:10:57] "GET /api/extension/instances HTTP/1.1" 200 -
  [flask] 2026-03-29 22:10:57,928 INFO sqlalchemy.engine.Engine SELECT count(emails.id) AS count_1 
  [flask] FROM emails 
  [flask] WHERE emails.detector_verdict = %(detector_verdict_1)s
  [flask] 2026-03-29 22:10:57,928 INFO sqlalchemy.engine.Engine [cached since 673.5s ago] {'detector_verdict_1': 'phishing'}
  [flask] 2026-03-29 22:10:57,929 INFO sqlalchemy.engine.Engine ROLLBACK
  [flask] 127.0.0.1 - - [29/Mar/2026 22:10:57] "GET /api/stats HTTP/1.1" 200 -
  [flask] 2026-03-29 22:10:58,040 INFO sqlalchemy.engine.Engine BEGIN (implicit)
  [flask] 2026-03-29 22:10:58,041 INFO sqlalchemy.engine.Engine SELECT users.id AS users_id, users.email AS users_email, users.username AS users_username, users.password_hash AS users_password_hash, users.is_active AS users_is_active, users.email_verified AS users_email_verified, users.password_reset_token AS users_password_reset_token, users.password_reset_expires AS users_password_reset_expires, users.created_at AS users_created_at, users.updated_at AS users_updated_at 
  [flask] FROM users 
  [flask] WHERE users.id = %(pk_1)s
  [flask] 2026-03-29 22:10:58,041 INFO sqlalchemy.engine.Engine [cached since 0.3489s ago] {'pk_1': 2}
  [flask] 2026-03-29 22:10:58,042 INFO sqlalchemy.engine.Engine SELECT users_1.id AS users_1_id, roles.id AS roles_id, roles.name AS roles_name, roles.description AS roles_description, roles.created_at AS roles_created_at 
  [flask] FROM users AS users_1 JOIN user_roles AS user_roles_1 ON users_1.id = user_roles_1.user_id JOIN roles ON roles.id = user_roles_1.role_id 
  [flask] WHERE users_1.id IN (%(primary_keys_1)s)
  [flask] 2026-03-29 22:10:58,042 INFO sqlalchemy.engine.Engine [cached since 675.7s ago] {'primary_keys_1': 2}
  [flask] 2026-03-29 22:10:58,043 INFO sqlalchemy.engine.Engine ROLLBACK
  [flask] 127.0.0.1 - - [29/Mar/2026 22:10:58] "GET /api/auth/me HTTP/1.1" 200 -
  [flask] 127.0.0.1 - - [29/Mar/2026 22:11:05] "OPTIONS /api/extension/instances HTTP/1.1" 200 -
  [flask] 127.0.0.1 - - [29/Mar/2026 22:11:05] "OPTIONS /api/extension/instances HTTP/1.1" 200 -
  [flask] 127.0.0.1 - - [29/Mar/2026 22:11:05] "OPTIONS /api/stats HTTP/1.1" 200 -
  [flask] 127.0.0.1 - - [29/Mar/2026 22:11:05] "OPTIONS /api/stats HTTP/1.1" 200 -
  [flask] 2026-03-29 22:11:05,514 INFO sqlalchemy.engine.Engine BEGIN (implicit)
  [flask] 2026-03-29 22:11:05,514 INFO sqlalchemy.engine.Engine SELECT extension_instances.id AS extension_instances_id, extension_instances.user_id AS extension_instances_user_id, extension_instances.instance_token AS extension_instances_instance_token, extension_instances.browser AS extension_instances_browser, extension_instances.os_name AS extension_instances_os_name, extension_instances.last_seen AS extension_instances_last_seen, extension_instances.created_at AS extension_instances_created_at 
  [flask] FROM extension_instances 
  [flask] WHERE extension_instances.user_id = %(user_id_1)s ORDER BY extension_instances.created_at DESC
  [flask] 2026-03-29 22:11:05,514 INFO sqlalchemy.engine.Engine [cached since 681.2s ago] {'user_id_1': 2}
  [flask] 2026-03-29 22:11:05,515 INFO sqlalchemy.engine.Engine ROLLBACK
  [flask] 127.0.0.1 - - [29/Mar/2026 22:11:05] "GET /api/extension/instances HTTP/1.1" 200 -
  [flask] 2026-03-29 22:11:05,581 INFO sqlalchemy.engine.Engine BEGIN (implicit)
  [flask] 2026-03-29 22:11:05,582 INFO sqlalchemy.engine.Engine SELECT coalesce(sum(api_calls.cost), %(coalesce_2)s) AS coalesce_1 
  [flask] FROM api_calls
  [flask] 2026-03-29 22:11:05,582 INFO sqlalchemy.engine.Engine [cached since 681.2s ago] {'coalesce_2': 0}
  [flask] 2026-03-29 22:11:05,582 INFO sqlalchemy.engine.Engine BEGIN (implicit)
  [flask] 2026-03-29 22:11:05,582 INFO sqlalchemy.engine.Engine SELECT extension_instances.id AS extension_instances_id, extension_instances.user_id AS extension_instances_user_id, extension_instances.instance_token AS extension_instances_instance_token, extension_instances.browser AS extension_instances_browser, extension_instances.os_name AS extension_instances_os_name, extension_instances.last_seen AS extension_instances_last_seen, extension_instances.created_at AS extension_instances_created_at 
  [flask] FROM extension_instances 
  [flask] WHERE extension_instances.user_id = %(user_id_1)s ORDER BY extension_instances.created_at DESC
  [flask] 2026-03-29 22:11:05,582 INFO sqlalchemy.engine.Engine [cached since 681.2s ago] {'user_id_1': 2}
  [flask] 2026-03-29 22:11:05,582 INFO sqlalchemy.engine.Engine SELECT coalesce(sum(rounds.processed_emails), %(coalesce_2)s) AS coalesce_1 
  [flask] FROM rounds
  [flask] 2026-03-29 22:11:05,583 INFO sqlalchemy.engine.Engine [cached since 681.1s ago] {'coalesce_2': 0}
  [flask] 2026-03-29 22:11:05,583 INFO sqlalchemy.engine.Engine ROLLBACK
  [flask] 2026-03-29 22:11:05,583 INFO sqlalchemy.engine.Engine SELECT count(emails.id) AS count_1 
  [flask] FROM emails 
  [flask] WHERE emails.detector_verdict = %(detector_verdict_1)s
  [flask] 2026-03-29 22:11:05,583 INFO sqlalchemy.engine.Engine [cached since 681.1s ago] {'detector_verdict_1': 'phishing'}
  [flask] 127.0.0.1 - - [29/Mar/2026 22:11:05] "GET /api/extension/instances HTTP/1.1" 200 -
  [flask] 2026-03-29 22:11:05,584 INFO sqlalchemy.engine.Engine ROLLBACK
  [flask] 127.0.0.1 - - [29/Mar/2026 22:11:05] "GET /api/stats HTTP/1.1" 200 -
  [flask] 2026-03-29 22:11:05,849 INFO sqlalchemy.engine.Engine BEGIN (implicit)
  [flask] 2026-03-29 22:11:05,849 INFO sqlalchemy.engine.Engine SELECT coalesce(sum(api_calls.cost), %(coalesce_2)s) AS coalesce_1 
  [flask] FROM api_calls
  [flask] 2026-03-29 22:11:05,849 INFO sqlalchemy.engine.Engine [cached since 681.4s ago] {'coalesce_2': 0}
  [flask] 2026-03-29 22:11:05,850 INFO sqlalchemy.engine.Engine SELECT coalesce(sum(rounds.processed_emails), %(coalesce_2)s) AS coalesce_1 
  [flask] FROM rounds
  [flask] 2026-03-29 22:11:05,850 INFO sqlalchemy.engine.Engine [cached since 681.4s ago] {'coalesce_2': 0}
  [flask] 2026-03-29 22:11:05,851 INFO sqlalchemy.engine.Engine SELECT count(emails.id) AS count_1 
  [flask] FROM emails 
  [flask] WHERE emails.detector_verdict = %(detector_verdict_1)s
  [flask] 2026-03-29 22:11:05,851 INFO sqlalchemy.engine.Engine [cached since 681.4s ago] {'detector_verdict_1': 'phishing'}
  [flask] 2026-03-29 22:11:05,851 INFO sqlalchemy.engine.Engine ROLLBACK
  [flask] 127.0.0.1 - - [29/Mar/2026 22:11:05] "GET /api/stats HTTP/1.1" 200 -
  [flask] 2026-03-29 22:11:05,913 INFO sqlalchemy.engine.Engine BEGIN (implicit)
  [flask] 2026-03-29 22:11:05,913 INFO sqlalchemy.engine.Engine SELECT coalesce(sum(api_calls.cost), %(coalesce_2)s) AS coalesce_1 
  [flask] FROM api_calls
  [flask] 2026-03-29 22:11:05,913 INFO sqlalchemy.engine.Engine [cached since 681.5s ago] {'coalesce_2': 0}
  [flask] 2026-03-29 22:11:05,914 INFO sqlalchemy.engine.Engine SELECT coalesce(sum(rounds.processed_emails), %(coalesce_2)s) AS coalesce_1 
  [flask] FROM rounds
  [flask] 2026-03-29 22:11:05,914 INFO sqlalchemy.engine.Engine [cached since 681.5s ago] {'coalesce_2': 0}
  [flask] 2026-03-29 22:11:05,914 INFO sqlalchemy.engine.Engine SELECT count(emails.id) AS count_1 
  [flask] FROM emails 
  [flask] WHERE emails.detector_verdict = %(detector_verdict_1)s
  [flask] 2026-03-29 22:11:05,914 INFO sqlalchemy.engine.Engine [cached since 681.5s ago] {'detector_verdict_1': 'phishing'}
  [flask] 2026-03-29 22:11:05,915 INFO sqlalchemy.engine.Engine ROLLBACK
  [flask] 127.0.0.1 - - [29/Mar/2026 22:11:05] "GET /api/stats HTTP/1.1" 200 -
  [flask] 2026-03-29 22:11:06,195 INFO sqlalchemy.engine.Engine BEGIN (implicit)
  [flask] 2026-03-29 22:11:06,195 INFO sqlalchemy.engine.Engine SELECT coalesce(sum(api_calls.cost), %(coalesce_2)s) AS coalesce_1 
  [flask] FROM api_calls
  [flask] 2026-03-29 22:11:06,195 INFO sqlalchemy.engine.Engine [cached since 681.8s ago] {'coalesce_2': 0}
  [flask] 2026-03-29 22:11:06,196 INFO sqlalchemy.engine.Engine SELECT coalesce(sum(rounds.processed_emails), %(coalesce_2)s) AS coalesce_1 
  [flask] FROM rounds
  [flask] 2026-03-29 22:11:06,196 INFO sqlalchemy.engine.Engine [cached since 681.8s ago] {'coalesce_2': 0}
  [flask] 2026-03-29 22:11:06,197 INFO sqlalchemy.engine.Engine SELECT count(emails.id) AS count_1 
  [flask] FROM emails 
  [flask] WHERE emails.detector_verdict = %(detector_verdict_1)s
  [flask] 2026-03-29 22:11:06,197 INFO sqlalchemy.engine.Engine [cached since 681.8s ago] {'detector_verdict_1': 'phishing'}
  [flask] 2026-03-29 22:11:06,198 INFO sqlalchemy.engine.Engine ROLLBACK
  [flask] 127.0.0.1 - - [29/Mar/2026 22:11:06] "GET /api/stats HTTP/1.1" 200 -
  [flask] 127.0.0.1 - - [29/Mar/2026 22:12:00] "OPTIONS /api/stats HTTP/1.1" 200 -
  [flask] 127.0.0.1 - - [29/Mar/2026 22:12:00] "OPTIONS /api/extension/instances HTTP/1.1" 200 -
  [flask] 2026-03-29 22:12:00,752 INFO sqlalchemy.engine.Engine BEGIN (implicit)
  [flask] 2026-03-29 22:12:00,753 INFO sqlalchemy.engine.Engine SELECT coalesce(sum(api_calls.cost), %(coalesce_2)s) AS coalesce_1 
  [flask] FROM api_calls
  [flask] 2026-03-29 22:12:00,753 INFO sqlalchemy.engine.Engine [cached since 740.2s ago] {'coalesce_2': 0}
  [flask] 2026-03-29 22:12:00,754 INFO sqlalchemy.engine.Engine SELECT coalesce(sum(rounds.processed_emails), %(coalesce_2)s) AS coalesce_1 
  [flask] FROM rounds
  [flask] 2026-03-29 22:12:00,754 INFO sqlalchemy.engine.Engine [cached since 740.1s ago] {'coalesce_2': 0}
  [flask] 2026-03-29 22:12:00,754 INFO sqlalchemy.engine.Engine SELECT count(emails.id) AS count_1 
  [flask] FROM emails 
  [flask] WHERE emails.detector_verdict = %(detector_verdict_1)s
  [flask] 2026-03-29 22:12:00,754 INFO sqlalchemy.engine.Engine [cached since 740.1s ago] {'detector_verdict_1': 'phishing'}
  [flask] 2026-03-29 22:12:00,755 INFO sqlalchemy.engine.Engine ROLLBACK
  [flask] 127.0.0.1 - - [29/Mar/2026 22:12:00] "GET /api/stats HTTP/1.1" 200 -
  [flask] 127.0.0.1 - - [29/Mar/2026 22:12:00] "OPTIONS /api/extension/instances HTTP/1.1" 200 -
  [flask] 127.0.0.1 - - [29/Mar/2026 22:12:00] "OPTIONS /api/extension/instances HTTP/1.1" 200 -
  [flask] 127.0.0.1 - - [29/Mar/2026 22:12:00] "OPTIONS /api/extension/instances HTTP/1.1" 200 -
  [flask] 2026-03-29 22:12:01,089 INFO sqlalchemy.engine.Engine BEGIN (implicit)
  [flask] 2026-03-29 22:12:01,089 INFO sqlalchemy.engine.Engine SELECT coalesce(sum(api_calls.cost), %(coalesce_2)s) AS coalesce_1 
  [flask] FROM api_calls
  [flask] 2026-03-29 22:12:01,089 INFO sqlalchemy.engine.Engine [cached since 740.5s ago] {'coalesce_2': 0}
  [flask] 2026-03-29 22:12:01,090 INFO sqlalchemy.engine.Engine BEGIN (implicit)
  [flask] 2026-03-29 22:12:01,090 INFO sqlalchemy.engine.Engine SELECT extension_instances.id AS extension_instances_id, extension_instances.user_id AS extension_instances_user_id, extension_instances.instance_token AS extension_instances_instance_token, extension_instances.browser AS extension_instances_browser, extension_instances.os_name AS extension_instances_os_name, extension_instances.last_seen AS extension_instances_last_seen, extension_instances.created_at AS extension_instances_created_at 
  [flask] FROM extension_instances 
  [flask] WHERE extension_instances.user_id = %(user_id_1)s ORDER BY extension_instances.created_at DESC
  [flask] 2026-03-29 22:12:01,090 INFO sqlalchemy.engine.Engine [cached since 740.6s ago] {'user_id_1': 2}
  [flask] 2026-03-29 22:12:01,090 INFO sqlalchemy.engine.Engine SELECT coalesce(sum(rounds.processed_emails), %(coalesce_2)s) AS coalesce_1 
  [flask] FROM rounds
  [flask] 2026-03-29 22:12:01,090 INFO sqlalchemy.engine.Engine [cached since 740.5s ago] {'coalesce_2': 0}
  [flask] 2026-03-29 22:12:01,091 INFO sqlalchemy.engine.Engine SELECT count(emails.id) AS count_1 
  [flask] FROM emails 
  [flask] WHERE emails.detector_verdict = %(detector_verdict_1)s
  [flask] 2026-03-29 22:12:01,091 INFO sqlalchemy.engine.Engine [cached since 740.5s ago] {'detector_verdict_1': 'phishing'}
  [flask] 2026-03-29 22:12:01,091 INFO sqlalchemy.engine.Engine ROLLBACK
  [flask] 2026-03-29 22:12:01,092 INFO sqlalchemy.engine.Engine ROLLBACK
  [flask] 127.0.0.1 - - [29/Mar/2026 22:12:01] "GET /api/extension/instances HTTP/1.1" 200 -
  [flask] 127.0.0.1 - - [29/Mar/2026 22:12:01] "GET /api/stats HTTP/1.1" 200 -
  [flask] 2026-03-29 22:12:01,432 INFO sqlalchemy.engine.Engine BEGIN (implicit)
  [flask] 2026-03-29 22:12:01,433 INFO sqlalchemy.engine.Engine SELECT extension_instances.id AS extension_instances_id, extension_instances.user_id AS extension_instances_user_id, extension_instances.instance_token AS extension_instances_instance_token, extension_instances.browser AS extension_instances_browser, extension_instances.os_name AS extension_instances_os_name, extension_instances.last_seen AS extension_instances_last_seen, extension_instances.created_at AS extension_instances_created_at 
  [flask] FROM extension_instances 
  [flask] WHERE extension_instances.user_id = %(user_id_1)s ORDER BY extension_instances.created_at DESC
  [flask] 2026-03-29 22:12:01,433 INFO sqlalchemy.engine.Engine [cached since 740.9s ago] {'user_id_1': 2}
  [flask] 2026-03-29 22:12:01,434 INFO sqlalchemy.engine.Engine BEGIN (implicit)
  [flask] 2026-03-29 22:12:01,434 INFO sqlalchemy.engine.Engine SELECT coalesce(sum(api_calls.cost), %(coalesce_2)s) AS coalesce_1 
  [flask] FROM api_calls
  [flask] 2026-03-29 22:12:01,434 INFO sqlalchemy.engine.Engine ROLLBACK
  [flask] 2026-03-29 22:12:01,435 INFO sqlalchemy.engine.Engine [cached since 740.8s ago] {'coalesce_2': 0}
  [flask] 127.0.0.1 - - [29/Mar/2026 22:12:01] "GET /api/extension/instances HTTP/1.1" 200 -
  [flask] 2026-03-29 22:12:01,437 INFO sqlalchemy.engine.Engine SELECT coalesce(sum(rounds.processed_emails), %(coalesce_2)s) AS coalesce_1 
  [flask] FROM rounds
  [flask] 2026-03-29 22:12:01,437 INFO sqlalchemy.engine.Engine [cached since 740.8s ago] {'coalesce_2': 0}
  [flask] 2026-03-29 22:12:01,438 INFO sqlalchemy.engine.Engine SELECT count(emails.id) AS count_1 
  [flask] FROM emails 
  [flask] WHERE emails.detector_verdict = %(detector_verdict_1)s
  [flask] 2026-03-29 22:12:01,438 INFO sqlalchemy.engine.Engine [cached since 740.8s ago] {'detector_verdict_1': 'phishing'}
  [flask] 2026-03-29 22:12:01,439 INFO sqlalchemy.engine.Engine ROLLBACK
  [flask] 127.0.0.1 - - [29/Mar/2026 22:12:01] "GET /api/stats HTTP/1.1" 200 -
  [flask] 2026-03-29 22:12:01,766 INFO sqlalchemy.engine.Engine BEGIN (implicit)
  [flask] 2026-03-29 22:12:01,766 INFO sqlalchemy.engine.Engine SELECT extension_instances.id AS extension_instances_id, extension_instances.user_id AS extension_instances_user_id, extension_instances.instance_token AS extension_instances_instance_token, extension_instances.browser AS extension_instances_browser, extension_instances.os_name AS extension_instances_os_name, extension_instances.last_seen AS extension_instances_last_seen, extension_instances.created_at AS extension_instances_created_at 
  [flask] FROM extension_instances 
  [flask] WHERE extension_instances.user_id = %(user_id_1)s ORDER BY extension_instances.created_at DESC
  [flask] 2026-03-29 22:12:01,766 INFO sqlalchemy.engine.Engine [cached since 741.2s ago] {'user_id_1': 2}
  [flask] 2026-03-29 22:12:01,767 INFO sqlalchemy.engine.Engine ROLLBACK
  [flask] 127.0.0.1 - - [29/Mar/2026 22:12:01] "GET /api/extension/instances HTTP/1.1" 200 -
  [flask] 2026-03-29 22:12:01,773 INFO sqlalchemy.engine.Engine BEGIN (implicit)
  [flask] 2026-03-29 22:12:01,773 INFO sqlalchemy.engine.Engine SELECT coalesce(sum(api_calls.cost), %(coalesce_2)s) AS coalesce_1 
  [flask] FROM api_calls
  [flask] 2026-03-29 22:12:01,773 INFO sqlalchemy.engine.Engine [cached since 741.2s ago] {'coalesce_2': 0}
  [flask] 2026-03-29 22:12:01,774 INFO sqlalchemy.engine.Engine SELECT coalesce(sum(rounds.processed_emails), %(coalesce_2)s) AS coalesce_1 
  [flask] FROM rounds
  [flask] 2026-03-29 22:12:01,774 INFO sqlalchemy.engine.Engine [cached since 741.2s ago] {'coalesce_2': 0}
  [flask] 2026-03-29 22:12:01,774 INFO sqlalchemy.engine.Engine SELECT count(emails.id) AS count_1 
  [flask] FROM emails 
  [flask] WHERE emails.detector_verdict = %(detector_verdict_1)s
  [flask] 2026-03-29 22:12:01,774 INFO sqlalchemy.engine.Engine [cached since 741.2s ago] {'detector_verdict_1': 'phishing'}
  [flask] 2026-03-29 22:12:01,775 INFO sqlalchemy.engine.Engine ROLLBACK
  [flask] 127.0.0.1 - - [29/Mar/2026 22:12:01] "GET /api/stats HTTP/1.1" 200 -
  [flask] 2026-03-29 22:12:02,100 INFO sqlalchemy.engine.Engine BEGIN (implicit)
  [flask] 2026-03-29 22:12:02,101 INFO sqlalchemy.engine.Engine SELECT extension_instances.id AS extension_instances_id, extension_instances.user_id AS extension_instances_user_id, extension_instances.instance_token AS extension_instances_instance_token, extension_instances.browser AS extension_instances_browser, extension_instances.os_name AS extension_instances_os_name, extension_instances.last_seen AS extension_instances_last_seen, extension_instances.created_at AS extension_instances_created_at 
  [flask] FROM extension_instances 
  [flask] WHERE extension_instances.user_id = %(user_id_1)s ORDER BY extension_instances.created_at DESC
  [flask] 2026-03-29 22:12:02,101 INFO sqlalchemy.engine.Engine [cached since 741.6s ago] {'user_id_1': 2}
  [flask] 2026-03-29 22:12:02,102 INFO sqlalchemy.engine.Engine ROLLBACK
  [flask] 127.0.0.1 - - [29/Mar/2026 22:12:02] "GET /api/extension/instances HTTP/1.1" 200 -
  [flask] 2026-03-29 22:12:02,133 INFO sqlalchemy.engine.Engine BEGIN (implicit)
  [flask] 2026-03-29 22:12:02,134 INFO sqlalchemy.engine.Engine SELECT coalesce(sum(api_calls.cost), %(coalesce_2)s) AS coalesce_1 
  [flask] FROM api_calls
  [flask] 2026-03-29 22:12:02,134 INFO sqlalchemy.engine.Engine [cached since 741.5s ago] {'coalesce_2': 0}
  [flask] 2026-03-29 22:12:02,135 INFO sqlalchemy.engine.Engine SELECT coalesce(sum(rounds.processed_emails), %(coalesce_2)s) AS coalesce_1 
  [flask] FROM rounds
  [flask] 2026-03-29 22:12:02,135 INFO sqlalchemy.engine.Engine [cached since 741.5s ago] {'coalesce_2': 0}
  [flask] 2026-03-29 22:12:02,136 INFO sqlalchemy.engine.Engine SELECT count(emails.id) AS count_1 
  [flask] FROM emails 
  [flask] WHERE emails.detector_verdict = %(detector_verdict_1)s
  [flask] 2026-03-29 22:12:02,136 INFO sqlalchemy.engine.Engine [cached since 741.5s ago] {'detector_verdict_1': 'phishing'}
  [flask] 2026-03-29 22:12:02,136 INFO sqlalchemy.engine.Engine ROLLBACK
  [flask] 127.0.0.1 - - [29/Mar/2026 22:12:02] "GET /api/stats HTTP/1.1" 200 -
  [flask] 2026-03-29 22:12:02,467 INFO sqlalchemy.engine.Engine BEGIN (implicit)
  [flask] 2026-03-29 22:12:02,467 INFO sqlalchemy.engine.Engine SELECT coalesce(sum(api_calls.cost), %(coalesce_2)s) AS coalesce_1 
  [flask] FROM api_calls
  [flask] 2026-03-29 22:12:02,467 INFO sqlalchemy.engine.Engine [cached since 741.9s ago] {'coalesce_2': 0}
  [flask] 2026-03-29 22:12:02,468 INFO sqlalchemy.engine.Engine SELECT coalesce(sum(rounds.processed_emails), %(coalesce_2)s) AS coalesce_1 
  [flask] FROM rounds
  [flask] 2026-03-29 22:12:02,468 INFO sqlalchemy.engine.Engine [cached since 741.9s ago] {'coalesce_2': 0}
  [flask] 2026-03-29 22:12:02,468 INFO sqlalchemy.engine.Engine SELECT count(emails.id) AS count_1 
  [flask] FROM emails 
  [flask] WHERE emails.detector_verdict = %(detector_verdict_1)s
  [flask] 2026-03-29 22:12:02,468 INFO sqlalchemy.engine.Engine [cached since 741.9s ago] {'detector_verdict_1': 'phishing'}
  [flask] 2026-03-29 22:12:02,469 INFO sqlalchemy.engine.Engine ROLLBACK
  [flask] 127.0.0.1 - - [29/Mar/2026 22:12:02] "GET /api/stats HTTP/1.1" 200 -
  [flask] 2026-03-29 22:12:04,169 INFO sqlalchemy.engine.Engine BEGIN (implicit)
  [flask] 2026-03-29 22:12:04,170 INFO sqlalchemy.engine.Engine SELECT coalesce(sum(api_calls.cost), %(coalesce_2)s) AS coalesce_1 
  [flask] FROM api_calls
  [flask] 2026-03-29 22:12:04,170 INFO sqlalchemy.engine.Engine [cached since 743.6s ago] {'coalesce_2': 0}
  [flask] 2026-03-29 22:12:04,171 INFO sqlalchemy.engine.Engine SELECT coalesce(sum(rounds.processed_emails), %(coalesce_2)s) AS coalesce_1 
  [flask] FROM rounds
  [flask] 2026-03-29 22:12:04,171 INFO sqlalchemy.engine.Engine [cached since 743.6s ago] {'coalesce_2': 0}
  [flask] 2026-03-29 22:12:04,172 INFO sqlalchemy.engine.Engine SELECT count(emails.id) AS count_1 
  [flask] FROM emails 
  [flask] WHERE emails.detector_verdict = %(detector_verdict_1)s
  [flask] 2026-03-29 22:12:04,172 INFO sqlalchemy.engine.Engine [cached since 743.6s ago] {'detector_verdict_1': 'phishing'}
  [flask] 2026-03-29 22:12:04,173 INFO sqlalchemy.engine.Engine ROLLBACK
  [flask] 127.0.0.1 - - [29/Mar/2026 22:12:04] "GET /api/stats HTTP/1.1" 200 -
  [flask] 2026-03-29 22:12:04,505 INFO sqlalchemy.engine.Engine BEGIN (implicit)
  [flask] 2026-03-29 22:12:04,505 INFO sqlalchemy.engine.Engine SELECT extension_instances.id AS extension_instances_id, extension_instances.user_id AS extension_instances_user_id, extension_instances.instance_token AS extension_instances_instance_token, extension_instances.browser AS extension_instances_browser, extension_instances.os_name AS extension_instances_os_name, extension_instances.last_seen AS extension_instances_last_seen, extension_instances.created_at AS extension_instances_created_at 
  [flask] FROM extension_instances 
  [flask] WHERE extension_instances.user_id = %(user_id_1)s ORDER BY extension_instances.created_at DESC
  [flask] 2026-03-29 22:12:04,505 INFO sqlalchemy.engine.Engine [cached since 744s ago] {'user_id_1': 2}
  [flask] 2026-03-29 22:12:04,506 INFO sqlalchemy.engine.Engine ROLLBACK
  [flask] 127.0.0.1 - - [29/Mar/2026 22:12:04] "GET /api/extension/instances HTTP/1.1" 200 -
  [flask] 2026-03-29 22:12:04,521 INFO sqlalchemy.engine.Engine BEGIN (implicit)
  [flask] 2026-03-29 22:12:04,521 INFO sqlalchemy.engine.Engine SELECT coalesce(sum(api_calls.cost), %(coalesce_2)s) AS coalesce_1 
  [flask] FROM api_calls
  [flask] 2026-03-29 22:12:04,522 INFO sqlalchemy.engine.Engine [cached since 743.9s ago] {'coalesce_2': 0}
  [flask] 2026-03-29 22:12:04,523 INFO sqlalchemy.engine.Engine SELECT coalesce(sum(rounds.processed_emails), %(coalesce_2)s) AS coalesce_1 
  [flask] FROM rounds
  [flask] 2026-03-29 22:12:04,523 INFO sqlalchemy.engine.Engine [cached since 743.9s ago] {'coalesce_2': 0}
  [flask] 2026-03-29 22:12:04,523 INFO sqlalchemy.engine.Engine SELECT count(emails.id) AS count_1 
  [flask] FROM emails 
  [flask] WHERE emails.detector_verdict = %(detector_verdict_1)s
  [flask] 2026-03-29 22:12:04,523 INFO sqlalchemy.engine.Engine [cached since 743.9s ago] {'detector_verdict_1': 'phishing'}
  [flask] 2026-03-29 22:12:04,524 INFO sqlalchemy.engine.Engine ROLLBACK
  [flask] 127.0.0.1 - - [29/Mar/2026 22:12:04] "GET /api/stats HTTP/1.1" 200 -
  [flask] 2026-03-29 22:12:04,838 INFO sqlalchemy.engine.Engine BEGIN (implicit)
  [flask] 2026-03-29 22:12:04,838 INFO sqlalchemy.engine.Engine SELECT extension_instances.id AS extension_instances_id, extension_instances.user_id AS extension_instances_user_id, extension_instances.instance_token AS extension_instances_instance_token, extension_instances.browser AS extension_instances_browser, extension_instances.os_name AS extension_instances_os_name, extension_instances.last_seen AS extension_instances_last_seen, extension_instances.created_at AS extension_instances_created_at 
  [flask] FROM extension_instances 
  [flask] WHERE extension_instances.user_id = %(user_id_1)s ORDER BY extension_instances.created_at DESC
  [flask] 2026-03-29 22:12:04,838 INFO sqlalchemy.engine.Engine [cached since 744.3s ago] {'user_id_1': 2}
  [flask] 2026-03-29 22:12:04,840 INFO sqlalchemy.engine.Engine ROLLBACK
  [flask] 127.0.0.1 - - [29/Mar/2026 22:12:04] "GET /api/extension/instances HTTP/1.1" 200 -
  [flask] 127.0.0.1 - - [29/Mar/2026 22:12:07] "OPTIONS /api/stats HTTP/1.1" 200 -
  [flask] 127.0.0.1 - - [29/Mar/2026 22:12:07] "OPTIONS /api/extension/instances HTTP/1.1" 200 -
  [flask] 127.0.0.1 - - [29/Mar/2026 22:12:07] "OPTIONS /api/stats HTTP/1.1" 200 -
  [flask] 127.0.0.1 - - [29/Mar/2026 22:12:07] "OPTIONS /api/extension/instances HTTP/1.1" 200 -
  [flask] 2026-03-29 22:12:07,878 INFO sqlalchemy.engine.Engine BEGIN (implicit)
  [flask] 2026-03-29 22:12:07,878 INFO sqlalchemy.engine.Engine SELECT coalesce(sum(api_calls.cost), %(coalesce_2)s) AS coalesce_1 
  [flask] FROM api_calls
  [flask] 2026-03-29 22:12:07,878 INFO sqlalchemy.engine.Engine [cached since 747.3s ago] {'coalesce_2': 0}
  [flask] 2026-03-29 22:12:07,879 INFO sqlalchemy.engine.Engine SELECT coalesce(sum(rounds.processed_emails), %(coalesce_2)s) AS coalesce_1 
  [flask] FROM rounds
  [flask] 2026-03-29 22:12:07,879 INFO sqlalchemy.engine.Engine [cached since 747.3s ago] {'coalesce_2': 0}
  [flask] 2026-03-29 22:12:07,880 INFO sqlalchemy.engine.Engine SELECT count(emails.id) AS count_1 
  [flask] FROM emails 
  [flask] WHERE emails.detector_verdict = %(detector_verdict_1)s
  [flask] 2026-03-29 22:12:07,880 INFO sqlalchemy.engine.Engine [cached since 747.3s ago] {'detector_verdict_1': 'phishing'}
  [flask] 2026-03-29 22:12:07,881 INFO sqlalchemy.engine.Engine ROLLBACK
  [flask] 127.0.0.1 - - [29/Mar/2026 22:12:07] "GET /api/stats HTTP/1.1" 200 -
  [flask] 2026-03-29 22:12:07,963 INFO sqlalchemy.engine.Engine BEGIN (implicit)
  [flask] 2026-03-29 22:12:07,963 INFO sqlalchemy.engine.Engine SELECT extension_instances.id AS extension_instances_id, extension_instances.user_id AS extension_instances_user_id, extension_instances.instance_token AS extension_instances_instance_token, extension_instances.browser AS extension_instances_browser, extension_instances.os_name AS extension_instances_os_name, extension_instances.last_seen AS extension_instances_last_seen, extension_instances.created_at AS extension_instances_created_at 
  [flask] FROM extension_instances 
  [flask] WHERE extension_instances.user_id = %(user_id_1)s ORDER BY extension_instances.created_at DESC
  [flask] 2026-03-29 22:12:07,963 INFO sqlalchemy.engine.Engine [cached since 747.4s ago] {'user_id_1': 2}
  [flask] 2026-03-29 22:12:07,963 INFO sqlalchemy.engine.Engine BEGIN (implicit)
  [flask] 2026-03-29 22:12:07,964 INFO sqlalchemy.engine.Engine SELECT coalesce(sum(api_calls.cost), %(coalesce_2)s) AS coalesce_1 
  [flask] FROM api_calls
  [flask] 2026-03-29 22:12:07,964 INFO sqlalchemy.engine.Engine [cached since 747.4s ago] {'coalesce_2': 0}
  [flask] 2026-03-29 22:12:07,965 INFO sqlalchemy.engine.Engine ROLLBACK
  [flask] 2026-03-29 22:12:07,965 INFO sqlalchemy.engine.Engine SELECT coalesce(sum(rounds.processed_emails), %(coalesce_2)s) AS coalesce_1 
  [flask] FROM rounds
  [flask] 2026-03-29 22:12:07,965 INFO sqlalchemy.engine.Engine [cached since 747.4s ago] {'coalesce_2': 0}
  [flask] 127.0.0.1 - - [29/Mar/2026 22:12:07] "GET /api/extension/instances HTTP/1.1" 200 -
  [flask] 2026-03-29 22:12:07,966 INFO sqlalchemy.engine.Engine SELECT count(emails.id) AS count_1 
  [flask] FROM emails 
  [flask] WHERE emails.detector_verdict = %(detector_verdict_1)s
  [flask] 2026-03-29 22:12:07,967 INFO sqlalchemy.engine.Engine [cached since 747.4s ago] {'detector_verdict_1': 'phishing'}
  [flask] 2026-03-29 22:12:07,968 INFO sqlalchemy.engine.Engine ROLLBACK
  [flask] 127.0.0.1 - - [29/Mar/2026 22:12:07] "GET /api/stats HTTP/1.1" 200 -
  [flask] 2026-03-29 22:12:08,226 INFO sqlalchemy.engine.Engine BEGIN (implicit)
  [flask] 2026-03-29 22:12:08,226 INFO sqlalchemy.engine.Engine SELECT extension_instances.id AS extension_instances_id, extension_instances.user_id AS extension_instances_user_id, extension_instances.instance_token AS extension_instances_instance_token, extension_instances.browser AS extension_instances_browser, extension_instances.os_name AS extension_instances_os_name, extension_instances.last_seen AS extension_instances_last_seen, extension_instances.created_at AS extension_instances_created_at 
  [flask] FROM extension_instances 
  [flask] WHERE extension_instances.user_id = %(user_id_1)s ORDER BY extension_instances.created_at DESC
  [flask] 2026-03-29 22:12:08,226 INFO sqlalchemy.engine.Engine [cached since 747.7s ago] {'user_id_1': 2}
  [flask] 2026-03-29 22:12:08,228 INFO sqlalchemy.engine.Engine ROLLBACK
  [flask] 127.0.0.1 - - [29/Mar/2026 22:12:08] "GET /api/extension/instances HTTP/1.1" 200 -
  [flask] 2026-03-29 22:12:32,363 INFO sqlalchemy.engine.Engine BEGIN (implicit)
  [flask] 2026-03-29 22:12:32,363 INFO sqlalchemy.engine.Engine SELECT users.id AS users_id, users.email AS users_email, users.username AS users_username, users.password_hash AS users_password_hash, users.is_active AS users_is_active, users.email_verified AS users_email_verified, users.password_reset_token AS users_password_reset_token, users.password_reset_expires AS users_password_reset_expires, users.created_at AS users_created_at, users.updated_at AS users_updated_at 
  [flask] FROM users 
  [flask] WHERE users.email = %(email_1)s 
  [flask]  LIMIT %(param_1)s
  [flask] 2026-03-29 22:12:32,363 INFO sqlalchemy.engine.Engine [cached since 775.8s ago] {'email_1': 'user@user.com', 'param_1': 1}
  [flask] 2026-03-29 22:12:32,365 INFO sqlalchemy.engine.Engine SELECT users_1.id AS users_1_id, roles.id AS roles_id, roles.name AS roles_name, roles.description AS roles_description, roles.created_at AS roles_created_at 
  [flask] FROM users AS users_1 JOIN user_roles AS user_roles_1 ON users_1.id = user_roles_1.user_id JOIN roles ON roles.id = user_roles_1.role_id 
  [flask] WHERE users_1.id IN (%(primary_keys_1)s)
  [flask] 2026-03-29 22:12:32,365 INFO sqlalchemy.engine.Engine [cached since 775.8s ago] {'primary_keys_1': 2}
  [flask] 2026-03-29 22:12:32,606 INFO sqlalchemy.engine.Engine ROLLBACK
  [flask] 127.0.0.1 - - [29/Mar/2026 22:12:32] "POST /api/auth/login HTTP/1.1" 200 -
  [flask] 127.0.0.1 - - [29/Mar/2026 22:12:32] "OPTIONS /api/stats HTTP/1.1" 200 -
  [flask] 127.0.0.1 - - [29/Mar/2026 22:12:33] "OPTIONS /api/extension/instances HTTP/1.1" 200 -
  [flask] 127.0.0.1 - - [29/Mar/2026 22:12:33] "OPTIONS /api/stats HTTP/1.1" 200 -
  [flask] 127.0.0.1 - - [29/Mar/2026 22:12:33] "OPTIONS /api/extension/instances HTTP/1.1" 200 -
  [flask] 2026-03-29 22:12:33,153 INFO sqlalchemy.engine.Engine BEGIN (implicit)
  [flask] 2026-03-29 22:12:33,153 INFO sqlalchemy.engine.Engine SELECT coalesce(sum(api_calls.cost), %(coalesce_2)s) AS coalesce_1 
  [flask] FROM api_calls
  [flask] 2026-03-29 22:12:33,153 INFO sqlalchemy.engine.Engine [cached since 774.5s ago] {'coalesce_2': 0}
  [flask] 2026-03-29 22:12:33,154 INFO sqlalchemy.engine.Engine SELECT coalesce(sum(rounds.processed_emails), %(coalesce_2)s) AS coalesce_1 
  [flask] FROM rounds
  [flask] 2026-03-29 22:12:33,154 INFO sqlalchemy.engine.Engine [cached since 774.5s ago] {'coalesce_2': 0}
  [flask] 2026-03-29 22:12:33,155 INFO sqlalchemy.engine.Engine SELECT count(emails.id) AS count_1 
  [flask] FROM emails 
  [flask] WHERE emails.detector_verdict = %(detector_verdict_1)s
  [flask] 2026-03-29 22:12:33,155 INFO sqlalchemy.engine.Engine [cached since 774.5s ago] {'detector_verdict_1': 'phishing'}
  [flask] 2026-03-29 22:12:33,155 INFO sqlalchemy.engine.Engine ROLLBACK
  [flask] 127.0.0.1 - - [29/Mar/2026 22:12:33] "GET /api/stats HTTP/1.1" 200 -
  [flask] 2026-03-29 22:12:33,479 INFO sqlalchemy.engine.Engine BEGIN (implicit)
  [flask] 2026-03-29 22:12:33,479 INFO sqlalchemy.engine.Engine SELECT extension_instances.id AS extension_instances_id, extension_instances.user_id AS extension_instances_user_id, extension_instances.instance_token AS extension_instances_instance_token, extension_instances.browser AS extension_instances_browser, extension_instances.os_name AS extension_instances_os_name, extension_instances.last_seen AS extension_instances_last_seen, extension_instances.created_at AS extension_instances_created_at 
  [flask] FROM extension_instances 
  [flask] WHERE extension_instances.user_id = %(user_id_1)s ORDER BY extension_instances.created_at DESC
  [flask] 2026-03-29 22:12:33,479 INFO sqlalchemy.engine.Engine [cached since 774.9s ago] {'user_id_1': 2}
  [flask] 2026-03-29 22:12:33,481 INFO sqlalchemy.engine.Engine ROLLBACK
  [flask] 127.0.0.1 - - [29/Mar/2026 22:12:33] "GET /api/extension/instances HTTP/1.1" 200 -
  [flask] 2026-03-29 22:12:33,487 INFO sqlalchemy.engine.Engine BEGIN (implicit)
  [flask] 2026-03-29 22:12:33,487 INFO sqlalchemy.engine.Engine SELECT coalesce(sum(api_calls.cost), %(coalesce_2)s) AS coalesce_1 
  [flask] FROM api_calls
  [flask] 2026-03-29 22:12:33,487 INFO sqlalchemy.engine.Engine [cached since 774.8s ago] {'coalesce_2': 0}
  [flask] 2026-03-29 22:12:33,488 INFO sqlalchemy.engine.Engine SELECT coalesce(sum(rounds.processed_emails), %(coalesce_2)s) AS coalesce_1 
  [flask] FROM rounds
  [flask] 2026-03-29 22:12:33,488 INFO sqlalchemy.engine.Engine [cached since 774.8s ago] {'coalesce_2': 0}
  [flask] 2026-03-29 22:12:33,490 INFO sqlalchemy.engine.Engine SELECT count(emails.id) AS count_1 
  [flask] FROM emails 
  [flask] WHERE emails.detector_verdict = %(detector_verdict_1)s
  [flask] 2026-03-29 22:12:33,491 INFO sqlalchemy.engine.Engine [cached since 774.8s ago] {'detector_verdict_1': 'phishing'}
  [flask] 2026-03-29 22:12:33,491 INFO sqlalchemy.engine.Engine ROLLBACK
  [flask] 127.0.0.1 - - [29/Mar/2026 22:12:33] "GET /api/stats HTTP/1.1" 200 -
  [flask] 2026-03-29 22:12:33,814 INFO sqlalchemy.engine.Engine BEGIN (implicit)
  [flask] 2026-03-29 22:12:33,814 INFO sqlalchemy.engine.Engine SELECT extension_instances.id AS extension_instances_id, extension_instances.user_id AS extension_instances_user_id, extension_instances.instance_token AS extension_instances_instance_token, extension_instances.browser AS extension_instances_browser, extension_instances.os_name AS extension_instances_os_name, extension_instances.last_seen AS extension_instances_last_seen, extension_instances.created_at AS extension_instances_created_at 
  [flask] FROM extension_instances 
  [flask] WHERE extension_instances.user_id = %(user_id_1)s ORDER BY extension_instances.created_at DESC
  [flask] 2026-03-29 22:12:33,815 INFO sqlalchemy.engine.Engine [cached since 775.2s ago] {'user_id_1': 2}
  [flask] 2026-03-29 22:12:33,816 INFO sqlalchemy.engine.Engine ROLLBACK
  [flask] 127.0.0.1 - - [29/Mar/2026 22:12:33] "GET /api/extension/instances HTTP/1.1" 200 -
  [flask] 2026-03-29 22:12:33,854 INFO sqlalchemy.engine.Engine BEGIN (implicit)
  [flask] 2026-03-29 22:12:33,854 INFO sqlalchemy.engine.Engine SELECT coalesce(sum(api_calls.cost), %(coalesce_2)s) AS coalesce_1 
  [flask] FROM api_calls
  [flask] 2026-03-29 22:12:33,854 INFO sqlalchemy.engine.Engine [cached since 775.2s ago] {'coalesce_2': 0}
  [flask] 2026-03-29 22:12:33,855 INFO sqlalchemy.engine.Engine SELECT coalesce(sum(rounds.processed_emails), %(coalesce_2)s) AS coalesce_1 
  [flask] FROM rounds
  [flask] 2026-03-29 22:12:33,855 INFO sqlalchemy.engine.Engine [cached since 775.2s ago] {'coalesce_2': 0}
  [flask] 2026-03-29 22:12:33,856 INFO sqlalchemy.engine.Engine SELECT count(emails.id) AS count_1 
  [flask] FROM emails 
  [flask] WHERE emails.detector_verdict = %(detector_verdict_1)s
  [flask] 2026-03-29 22:12:33,856 INFO sqlalchemy.engine.Engine [cached since 775.2s ago] {'detector_verdict_1': 'phishing'}
  [flask] 2026-03-29 22:12:33,856 INFO sqlalchemy.engine.Engine ROLLBACK
  [flask] 127.0.0.1 - - [29/Mar/2026 22:12:33] "GET /api/stats HTTP/1.1" 200 -
  [flask] 2026-03-29 22:12:34,202 INFO sqlalchemy.engine.Engine BEGIN (implicit)
  [flask] 2026-03-29 22:12:34,202 INFO sqlalchemy.engine.Engine SELECT coalesce(sum(api_calls.cost), %(coalesce_2)s) AS coalesce_1 
  [flask] FROM api_calls
  [flask] 2026-03-29 22:12:34,202 INFO sqlalchemy.engine.Engine [cached since 775.5s ago] {'coalesce_2': 0}
  [flask] 2026-03-29 22:12:34,204 INFO sqlalchemy.engine.Engine SELECT coalesce(sum(rounds.processed_emails), %(coalesce_2)s) AS coalesce_1 
  [flask] FROM rounds
  [flask] 2026-03-29 22:12:34,204 INFO sqlalchemy.engine.Engine [cached since 775.5s ago] {'coalesce_2': 0}
  [flask] 2026-03-29 22:12:34,205 INFO sqlalchemy.engine.Engine SELECT count(emails.id) AS count_1 
  [flask] FROM emails 
  [flask] WHERE emails.detector_verdict = %(detector_verdict_1)s
  [flask] 2026-03-29 22:12:34,205 INFO sqlalchemy.engine.Engine [cached since 775.5s ago] {'detector_verdict_1': 'phishing'}
  [flask] 2026-03-29 22:12:34,206 INFO sqlalchemy.engine.Engine ROLLBACK
  [flask] 127.0.0.1 - - [29/Mar/2026 22:12:34] "GET /api/stats HTTP/1.1" 200 -
  [flask] 127.0.0.1 - - [29/Mar/2026 22:12:39] "OPTIONS /api/auth/me HTTP/1.1" 200 -
  [flask] 2026-03-29 22:12:39,683 INFO sqlalchemy.engine.Engine BEGIN (implicit)
  [flask] 2026-03-29 22:12:39,685 INFO sqlalchemy.engine.Engine INSERT INTO extension_instances (user_id, instance_token, browser, os_name, last_seen, created_at) VALUES (%(user_id)s, %(instance_token)s, %(browser)s, %(os_name)s, %(last_seen)s, %(created_at)s) RETURNING extension_instances.id
  [flask] 2026-03-29 22:12:39,685 INFO sqlalchemy.engine.Engine [generated in 0.00017s] {'user_id': 2, 'instance_token': '09951f6fd251419bb9251ad6e8de0077', 'browser': 'Edge 146.0.0.0', 'os_name': 'Windows 11/10', 'last_seen': datetime.datetime(2026, 3, 30, 2, 12, 39, 683244, tzinfo=datetime.timezone.utc), 'created_at': datetime.datetime(2026, 3, 30, 2, 12, 39, 685231)}
  [flask] 2026-03-29 22:12:39,691 INFO sqlalchemy.engine.Engine COMMIT
  [flask] 2026-03-29 22:12:39,693 INFO sqlalchemy.engine.Engine BEGIN (implicit)
  [flask] 2026-03-29 22:12:39,694 INFO sqlalchemy.engine.Engine SELECT extension_instances.id AS extension_instances_id, extension_instances.user_id AS extension_instances_user_id, extension_instances.instance_token AS extension_instances_instance_token, extension_instances.browser AS extension_instances_browser, extension_instances.os_name AS extension_instances_os_name, extension_instances.last_seen AS extension_instances_last_seen, extension_instances.created_at AS extension_instances_created_at 
  [flask] FROM extension_instances 
  [flask] WHERE extension_instances.id = %(pk_1)s
  [flask] 2026-03-29 22:12:39,694 INFO sqlalchemy.engine.Engine [generated in 0.00011s] {'pk_1': 2}
  [flask] 2026-03-29 22:12:39,696 INFO sqlalchemy.engine.Engine ROLLBACK
  [flask] 127.0.0.1 - - [29/Mar/2026 22:12:39] "POST /api/extension/register HTTP/1.1" 201 -
  [flask] 127.0.0.1 - - [29/Mar/2026 22:12:39] "OPTIONS /api/extension/instances HTTP/1.1" 200 -
  [flask] 2026-03-29 22:12:39,831 INFO sqlalchemy.engine.Engine BEGIN (implicit)
  [flask] 2026-03-29 22:12:39,832 INFO sqlalchemy.engine.Engine SELECT users.id AS users_id, users.email AS users_email, users.username AS users_username, users.password_hash AS users_password_hash, users.is_active AS users_is_active, users.email_verified AS users_email_verified, users.password_reset_token AS users_password_reset_token, users.password_reset_expires AS users_password_reset_expires, users.created_at AS users_created_at, users.updated_at AS users_updated_at 
  [flask] FROM users 
  [flask] WHERE users.id = %(pk_1)s
  [flask] 2026-03-29 22:12:39,832 INFO sqlalchemy.engine.Engine [cached since 107.9s ago] {'pk_1': 2}
  [flask] 2026-03-29 22:12:39,833 INFO sqlalchemy.engine.Engine SELECT users_1.id AS users_1_id, roles.id AS roles_id, roles.name AS roles_name, roles.description AS roles_description, roles.created_at AS roles_created_at 
  [flask] FROM users AS users_1 JOIN user_roles AS user_roles_1 ON users_1.id = user_roles_1.user_id JOIN roles ON roles.id = user_roles_1.role_id 
  [flask] WHERE users_1.id IN (%(primary_keys_1)s)
  [flask] 2026-03-29 22:12:39,833 INFO sqlalchemy.engine.Engine [cached since 783.2s ago] {'primary_keys_1': 2}
  [flask] 2026-03-29 22:12:39,834 INFO sqlalchemy.engine.Engine ROLLBACK
  [flask] 127.0.0.1 - - [29/Mar/2026 22:12:39] "GET /api/auth/me HTTP/1.1" 200 -
  [flask] 127.0.0.1 - - [29/Mar/2026 22:12:39] "OPTIONS /api/extension/instances HTTP/1.1" 200 -
  [flask] 127.0.0.1 - - [29/Mar/2026 22:12:39] "OPTIONS /api/extension/instances HTTP/1.1" 200 -
  [flask] 127.0.0.1 - - [29/Mar/2026 22:12:39] "OPTIONS /api/stats HTTP/1.1" 200 -
  [flask] 127.0.0.1 - - [29/Mar/2026 22:12:39] "OPTIONS /api/extension/instances HTTP/1.1" 200 -
  [flask] 127.0.0.1 - - [29/Mar/2026 22:12:40] "OPTIONS /api/extension/instances HTTP/1.1" 200 -
  [flask] 127.0.0.1 - - [29/Mar/2026 22:12:40] "OPTIONS /api/stats HTTP/1.1" 200 -
  [flask] 127.0.0.1 - - [29/Mar/2026 22:12:40] "OPTIONS /api/extension/instances HTTP/1.1" 200 -
  [flask] 2026-03-29 22:12:40,217 INFO sqlalchemy.engine.Engine BEGIN (implicit)
  [flask] 2026-03-29 22:12:40,217 INFO sqlalchemy.engine.Engine SELECT extension_instances.id AS extension_instances_id, extension_instances.user_id AS extension_instances_user_id, extension_instances.instance_token AS extension_instances_instance_token, extension_instances.browser AS extension_instances_browser, extension_instances.os_name AS extension_instances_os_name, extension_instances.last_seen AS extension_instances_last_seen, extension_instances.created_at AS extension_instances_created_at 
  [flask] FROM extension_instances 
  [flask] WHERE extension_instances.user_id = %(user_id_1)s ORDER BY extension_instances.created_at DESC
  [flask] 2026-03-29 22:12:40,218 INFO sqlalchemy.engine.Engine [cached since 781.6s ago] {'user_id_1': 2}
  [flask] 2026-03-29 22:12:40,218 INFO sqlalchemy.engine.Engine BEGIN (implicit)
  [flask] 2026-03-29 22:12:40,218 INFO sqlalchemy.engine.Engine SELECT users.id AS users_id, users.email AS users_email, users.username AS users_username, users.password_hash AS users_password_hash, users.is_active AS users_is_active, users.email_verified AS users_email_verified, users.password_reset_token AS users_password_reset_token, users.password_reset_expires AS users_password_reset_expires, users.created_at AS users_created_at, users.updated_at AS users_updated_at 
  [flask] FROM users 
  [flask] WHERE users.id = %(pk_1)s
  [flask] 2026-03-29 22:12:40,218 INFO sqlalchemy.engine.Engine [cached since 108.3s ago] {'pk_1': 2}
  [flask] 2026-03-29 22:12:40,219 INFO sqlalchemy.engine.Engine ROLLBACK
  [flask] 2026-03-29 22:12:40,219 INFO sqlalchemy.engine.Engine SELECT users_1.id AS users_1_id, roles.id AS roles_id, roles.name AS roles_name, roles.description AS roles_description, roles.created_at AS roles_created_at 
  [flask] FROM users AS users_1 JOIN user_roles AS user_roles_1 ON users_1.id = user_roles_1.user_id JOIN roles ON roles.id = user_roles_1.role_id 
  [flask] WHERE users_1.id IN (%(primary_keys_1)s)
  [flask] 2026-03-29 22:12:40,219 INFO sqlalchemy.engine.Engine [cached since 783.6s ago] {'primary_keys_1': 2}
  [flask] 127.0.0.1 - - [29/Mar/2026 22:12:40] "GET /api/extension/instances HTTP/1.1" 200 -
  [flask] 2026-03-29 22:12:40,221 INFO sqlalchemy.engine.Engine ROLLBACK
  [flask] 127.0.0.1 - - [29/Mar/2026 22:12:40] "GET /api/auth/me HTTP/1.1" 200 -
  [flask] 2026-03-29 22:12:40,233 INFO sqlalchemy.engine.Engine BEGIN (implicit)
  [flask] 2026-03-29 22:12:40,233 INFO sqlalchemy.engine.Engine SELECT coalesce(sum(api_calls.cost), %(coalesce_2)s) AS coalesce_1 
  [flask] FROM api_calls
  [flask] 2026-03-29 22:12:40,233 INFO sqlalchemy.engine.Engine [cached since 781.6s ago] {'coalesce_2': 0}
  [flask] 2026-03-29 22:12:40,235 INFO sqlalchemy.engine.Engine SELECT coalesce(sum(rounds.processed_emails), %(coalesce_2)s) AS coalesce_1 
  [flask] FROM rounds
  [flask] 2026-03-29 22:12:40,235 INFO sqlalchemy.engine.Engine [cached since 781.6s ago] {'coalesce_2': 0}
  [flask] 2026-03-29 22:12:40,236 INFO sqlalchemy.engine.Engine SELECT count(emails.id) AS count_1 
  [flask] FROM emails 
  [flask] WHERE emails.detector_verdict = %(detector_verdict_1)s
  [flask] 2026-03-29 22:12:40,236 INFO sqlalchemy.engine.Engine [cached since 781.5s ago] {'detector_verdict_1': 'phishing'}
  [flask] 2026-03-29 22:12:40,237 INFO sqlalchemy.engine.Engine ROLLBACK
  [flask] 127.0.0.1 - - [29/Mar/2026 22:12:40] "GET /api/stats HTTP/1.1" 200 -
  [flask] 2026-03-29 22:12:40,563 INFO sqlalchemy.engine.Engine BEGIN (implicit)
  [flask] 2026-03-29 22:12:40,563 INFO sqlalchemy.engine.Engine SELECT users.id AS users_id, users.email AS users_email, users.username AS users_username, users.password_hash AS users_password_hash, users.is_active AS users_is_active, users.email_verified AS users_email_verified, users.password_reset_token AS users_password_reset_token, users.password_reset_expires AS users_password_reset_expires, users.created_at AS users_created_at, users.updated_at AS users_updated_at 
  [flask] FROM users 
  [flask] WHERE users.id = %(pk_1)s
  [flask] 2026-03-29 22:12:40,563 INFO sqlalchemy.engine.Engine [cached since 108.6s ago] {'pk_1': 2}
  [flask] 2026-03-29 22:12:40,564 INFO sqlalchemy.engine.Engine BEGIN (implicit)
  [flask] 2026-03-29 22:12:40,564 INFO sqlalchemy.engine.Engine SELECT extension_instances.id AS extension_instances_id, extension_instances.user_id AS extension_instances_user_id, extension_instances.instance_token AS extension_instances_instance_token, extension_instances.browser AS extension_instances_browser, extension_instances.os_name AS extension_instances_os_name, extension_instances.last_seen AS extension_instances_last_seen, extension_instances.created_at AS extension_instances_created_at 
  [flask] FROM extension_instances 
  [flask] WHERE extension_instances.user_id = %(user_id_1)s ORDER BY extension_instances.created_at DESC
  [flask] 2026-03-29 22:12:40,564 INFO sqlalchemy.engine.Engine [cached since 782s ago] {'user_id_1': 2}
  [flask] 2026-03-29 22:12:40,565 INFO sqlalchemy.engine.Engine SELECT users_1.id AS users_1_id, roles.id AS roles_id, roles.name AS roles_name, roles.description AS roles_description, roles.created_at AS roles_created_at 
  [flask] FROM users AS users_1 JOIN user_roles AS user_roles_1 ON users_1.id = user_roles_1.user_id JOIN roles ON roles.id = user_roles_1.role_id 
  [flask] WHERE users_1.id IN (%(primary_keys_1)s)
  [flask] 2026-03-29 22:12:40,565 INFO sqlalchemy.engine.Engine [cached since 784s ago] {'primary_keys_1': 2}
  [flask] 2026-03-29 22:12:40,565 INFO sqlalchemy.engine.Engine ROLLBACK
  [flask] 2026-03-29 22:12:40,566 INFO sqlalchemy.engine.Engine ROLLBACK
  [flask] 127.0.0.1 - - [29/Mar/2026 22:12:40] "GET /api/extension/instances HTTP/1.1" 200 -
  [flask] 127.0.0.1 - - [29/Mar/2026 22:12:40] "GET /api/auth/me HTTP/1.1" 200 -
  [flask] 2026-03-29 22:12:40,573 INFO sqlalchemy.engine.Engine BEGIN (implicit)
  [flask] 2026-03-29 22:12:40,573 INFO sqlalchemy.engine.Engine SELECT coalesce(sum(api_calls.cost), %(coalesce_2)s) AS coalesce_1 
  [flask] FROM api_calls
  [flask] 2026-03-29 22:12:40,573 INFO sqlalchemy.engine.Engine [cached since 781.9s ago] {'coalesce_2': 0}
  [flask] 2026-03-29 22:12:40,574 INFO sqlalchemy.engine.Engine SELECT coalesce(sum(rounds.processed_emails), %(coalesce_2)s) AS coalesce_1 
  [flask] FROM rounds
  [flask] 2026-03-29 22:12:40,574 INFO sqlalchemy.engine.Engine [cached since 781.9s ago] {'coalesce_2': 0}
  [flask] 2026-03-29 22:12:40,575 INFO sqlalchemy.engine.Engine SELECT count(emails.id) AS count_1 
  [flask] FROM emails 
  [flask] WHERE emails.detector_verdict = %(detector_verdict_1)s
  [flask] 2026-03-29 22:12:40,575 INFO sqlalchemy.engine.Engine [cached since 781.9s ago] {'detector_verdict_1': 'phishing'}
  [flask] 2026-03-29 22:12:40,576 INFO sqlalchemy.engine.Engine ROLLBACK
  [flask] 127.0.0.1 - - [29/Mar/2026 22:12:40] "GET /api/stats HTTP/1.1" 200 -
  [flask] 2026-03-29 22:12:40,912 INFO sqlalchemy.engine.Engine BEGIN (implicit)
  [flask] 2026-03-29 22:12:40,912 INFO sqlalchemy.engine.Engine SELECT extension_instances.id AS extension_instances_id, extension_instances.user_id AS extension_instances_user_id, extension_instances.instance_token AS extension_instances_instance_token, extension_instances.browser AS extension_instances_browser, extension_instances.os_name AS extension_instances_os_name, extension_instances.last_seen AS extension_instances_last_seen, extension_instances.created_at AS extension_instances_created_at 
  [flask] FROM extension_instances 
  [flask] WHERE extension_instances.user_id = %(user_id_1)s ORDER BY extension_instances.created_at DESC
  [flask] 2026-03-29 22:12:40,912 INFO sqlalchemy.engine.Engine [cached since 782.3s ago] {'user_id_1': 2}
  [flask] 2026-03-29 22:12:40,914 INFO sqlalchemy.engine.Engine ROLLBACK
  [flask] 127.0.0.1 - - [29/Mar/2026 22:12:40] "GET /api/extension/instances HTTP/1.1" 200 -
  [flask] 2026-03-29 22:12:40,915 INFO sqlalchemy.engine.Engine BEGIN (implicit)
  [flask] 2026-03-29 22:12:40,915 INFO sqlalchemy.engine.Engine SELECT users.id AS users_id, users.email AS users_email, users.username AS users_username, users.password_hash AS users_password_hash, users.is_active AS users_is_active, users.email_verified AS users_email_verified, users.password_reset_token AS users_password_reset_token, users.password_reset_expires AS users_password_reset_expires, users.created_at AS users_created_at, users.updated_at AS users_updated_at 
  [flask] FROM users 
  [flask] WHERE users.id = %(pk_1)s
  [flask] 2026-03-29 22:12:40,915 INFO sqlalchemy.engine.Engine [cached since 109s ago] {'pk_1': 2}
  [flask] 2026-03-29 22:12:40,916 INFO sqlalchemy.engine.Engine SELECT users_1.id AS users_1_id, roles.id AS roles_id, roles.name AS roles_name, roles.description AS roles_description, roles.created_at AS roles_created_at 
  [flask] FROM users AS users_1 JOIN user_roles AS user_roles_1 ON users_1.id = user_roles_1.user_id JOIN roles ON roles.id = user_roles_1.role_id 
  [flask] WHERE users_1.id IN (%(primary_keys_1)s)
  [flask] 2026-03-29 22:12:40,917 INFO sqlalchemy.engine.Engine [cached since 784.3s ago] {'primary_keys_1': 2}
  [flask] 2026-03-29 22:12:40,918 INFO sqlalchemy.engine.Engine ROLLBACK
  [flask] 127.0.0.1 - - [29/Mar/2026 22:12:40] "GET /api/auth/me HTTP/1.1" 200 -
  [flask] 2026-03-29 22:12:41,247 INFO sqlalchemy.engine.Engine BEGIN (implicit)
  [flask] 2026-03-29 22:12:41,247 INFO sqlalchemy.engine.Engine SELECT extension_instances.id AS extension_instances_id, extension_instances.user_id AS extension_instances_user_id, extension_instances.instance_token AS extension_instances_instance_token, extension_instances.browser AS extension_instances_browser, extension_instances.os_name AS extension_instances_os_name, extension_instances.last_seen AS extension_instances_last_seen, extension_instances.created_at AS extension_instances_created_at 
  [flask] FROM extension_instances 
  [flask] WHERE extension_instances.user_id = %(user_id_1)s ORDER BY extension_instances.created_at DESC
  [flask] 2026-03-29 22:12:41,248 INFO sqlalchemy.engine.Engine [cached since 782.6s ago] {'user_id_1': 2}
  [flask] 2026-03-29 22:12:41,249 INFO sqlalchemy.engine.Engine ROLLBACK
  [flask] 127.0.0.1 - - [29/Mar/2026 22:12:41] "GET /api/extension/instances HTTP/1.1" 200 -
  [flask] 2026-03-29 22:12:41,578 INFO sqlalchemy.engine.Engine BEGIN (implicit)
  [flask] 2026-03-29 22:12:41,578 INFO sqlalchemy.engine.Engine SELECT extension_instances.id AS extension_instances_id, extension_instances.user_id AS extension_instances_user_id, extension_instances.instance_token AS extension_instances_instance_token, extension_instances.browser AS extension_instances_browser, extension_instances.os_name AS extension_instances_os_name, extension_instances.last_seen AS extension_instances_last_seen, extension_instances.created_at AS extension_instances_created_at 
  [flask] FROM extension_instances 
  [flask] WHERE extension_instances.user_id = %(user_id_1)s ORDER BY extension_instances.created_at DESC
  [flask] 2026-03-29 22:12:41,578 INFO sqlalchemy.engine.Engine [cached since 783s ago] {'user_id_1': 2}
  [flask] 2026-03-29 22:12:41,579 INFO sqlalchemy.engine.Engine ROLLBACK
  [flask] 127.0.0.1 - - [29/Mar/2026 22:12:41] "GET /api/extension/instances HTTP/1.1" 200 -
  [flask] 2026-03-29 22:12:41,861 INFO sqlalchemy.engine.Engine BEGIN (implicit)
  [flask] 2026-03-29 22:12:41,861 INFO sqlalchemy.engine.Engine SELECT extension_instances.id AS extension_instances_id, extension_instances.user_id AS extension_instances_user_id, extension_instances.instance_token AS extension_instances_instance_token, extension_instances.browser AS extension_instances_browser, extension_instances.os_name AS extension_instances_os_name, extension_instances.last_seen AS extension_instances_last_seen, extension_instances.created_at AS extension_instances_created_at 
  [flask] FROM extension_instances 
  [flask] WHERE extension_instances.user_id = %(user_id_1)s ORDER BY extension_instances.created_at DESC
  [flask] 2026-03-29 22:12:41,861 INFO sqlalchemy.engine.Engine [cached since 783.2s ago] {'user_id_1': 2}
  [flask] 2026-03-29 22:12:41,862 INFO sqlalchemy.engine.Engine ROLLBACK
  [flask] 127.0.0.1 - - [29/Mar/2026 22:12:41] "GET /api/extension/instances HTTP/1.1" 200 -
  [flask] 127.0.0.1 - - [29/Mar/2026 22:14:28] "OPTIONS /api/extension/instances HTTP/1.1" 200 -
  [flask] 127.0.0.1 - - [29/Mar/2026 22:14:28] "OPTIONS /api/stats HTTP/1.1" 200 -
  [flask] 127.0.0.1 - - [29/Mar/2026 22:14:28] "OPTIONS /api/stats HTTP/1.1" 200 -
  [flask] 127.0.0.1 - - [29/Mar/2026 22:14:28] "OPTIONS /api/extension/instances HTTP/1.1" 200 -
  [flask] 2026-03-29 22:14:28,999 INFO sqlalchemy.engine.Engine BEGIN (implicit)
  [flask] 2026-03-29 22:14:28,999 INFO sqlalchemy.engine.Engine SELECT extension_instances.id AS extension_instances_id, extension_instances.user_id AS extension_instances_user_id, extension_instances.instance_token AS extension_instances_instance_token, extension_instances.browser AS extension_instances_browser, extension_instances.os_name AS extension_instances_os_name, extension_instances.last_seen AS extension_instances_last_seen, extension_instances.created_at AS extension_instances_created_at 
  [flask] FROM extension_instances 
  [flask] WHERE extension_instances.user_id = %(user_id_1)s ORDER BY extension_instances.created_at DESC
  [flask] 2026-03-29 22:14:28,999 INFO sqlalchemy.engine.Engine [cached since 898s ago] {'user_id_1': 2}
  [flask] 2026-03-29 22:14:29,000 INFO sqlalchemy.engine.Engine ROLLBACK
  [flask] 127.0.0.1 - - [29/Mar/2026 22:14:29] "GET /api/extension/instances HTTP/1.1" 200 -
  [flask] 2026-03-29 22:14:29,049 INFO sqlalchemy.engine.Engine BEGIN (implicit)
  [flask] 2026-03-29 22:14:29,050 INFO sqlalchemy.engine.Engine SELECT extension_instances.id AS extension_instances_id, extension_instances.user_id AS extension_instances_user_id, extension_instances.instance_token AS extension_instances_instance_token, extension_instances.browser AS extension_instances_browser, extension_instances.os_name AS extension_instances_os_name, extension_instances.last_seen AS extension_instances_last_seen, extension_instances.created_at AS extension_instances_created_at 
  [flask] FROM extension_instances 
  [flask] WHERE extension_instances.user_id = %(user_id_1)s ORDER BY extension_instances.created_at DESC
  [flask] 2026-03-29 22:14:29,050 INFO sqlalchemy.engine.Engine [cached since 898s ago] {'user_id_1': 2}
  [flask] 2026-03-29 22:14:29,050 INFO sqlalchemy.engine.Engine BEGIN (implicit)
  [flask] 2026-03-29 22:14:29,050 INFO sqlalchemy.engine.Engine SELECT coalesce(sum(api_calls.cost), %(coalesce_2)s) AS coalesce_1 
  [flask] FROM api_calls
  [flask] 2026-03-29 22:14:29,050 INFO sqlalchemy.engine.Engine [cached since 898s ago] {'coalesce_2': 0}
  [flask] 2026-03-29 22:14:29,051 INFO sqlalchemy.engine.Engine ROLLBACK
  [flask] 2026-03-29 22:14:29,052 INFO sqlalchemy.engine.Engine SELECT coalesce(sum(rounds.processed_emails), %(coalesce_2)s) AS coalesce_1 
  [flask] FROM rounds
  [flask] 2026-03-29 22:14:29,052 INFO sqlalchemy.engine.Engine [cached since 898s ago] {'coalesce_2': 0}
  [flask] 127.0.0.1 - - [29/Mar/2026 22:14:29] "GET /api/extension/instances HTTP/1.1" 200 -
  [flask] 2026-03-29 22:14:29,053 INFO sqlalchemy.engine.Engine SELECT count(emails.id) AS count_1 
  [flask] FROM emails 
  [flask] WHERE emails.detector_verdict = %(detector_verdict_1)s
  [flask] 2026-03-29 22:14:29,053 INFO sqlalchemy.engine.Engine [cached since 898s ago] {'detector_verdict_1': 'phishing'}
  [flask] 2026-03-29 22:14:29,054 INFO sqlalchemy.engine.Engine ROLLBACK
  [flask] 127.0.0.1 - - [29/Mar/2026 22:14:29] "GET /api/stats HTTP/1.1" 200 -
  [flask] 2026-03-29 22:14:29,327 INFO sqlalchemy.engine.Engine BEGIN (implicit)
  [flask] 2026-03-29 22:14:29,328 INFO sqlalchemy.engine.Engine SELECT coalesce(sum(api_calls.cost), %(coalesce_2)s) AS coalesce_1 
  [flask] FROM api_calls
  [flask] 2026-03-29 22:14:29,328 INFO sqlalchemy.engine.Engine [cached since 898.2s ago] {'coalesce_2': 0}
  [flask] 2026-03-29 22:14:29,328 INFO sqlalchemy.engine.Engine SELECT coalesce(sum(rounds.processed_emails), %(coalesce_2)s) AS coalesce_1 
  [flask] FROM rounds
  [flask] 2026-03-29 22:14:29,329 INFO sqlalchemy.engine.Engine [cached since 898.2s ago] {'coalesce_2': 0}
  [flask] 2026-03-29 22:14:29,329 INFO sqlalchemy.engine.Engine SELECT count(emails.id) AS count_1 
  [flask] FROM emails 
  [flask] WHERE emails.detector_verdict = %(detector_verdict_1)s
  [flask] 2026-03-29 22:14:29,329 INFO sqlalchemy.engine.Engine [cached since 898.2s ago] {'detector_verdict_1': 'phishing'}
  [flask] 2026-03-29 22:14:29,330 INFO sqlalchemy.engine.Engine ROLLBACK
  [flask] 127.0.0.1 - - [29/Mar/2026 22:14:29] "GET /api/stats HTTP/1.1" 200 -
  [flask] 2026-03-29 22:14:29,395 INFO sqlalchemy.engine.Engine BEGIN (implicit)
  [flask] 2026-03-29 22:14:29,396 INFO sqlalchemy.engine.Engine SELECT coalesce(sum(api_calls.cost), %(coalesce_2)s) AS coalesce_1 
  [flask] FROM api_calls
  [flask] 2026-03-29 22:14:29,396 INFO sqlalchemy.engine.Engine [cached since 898.3s ago] {'coalesce_2': 0}
  [flask] 2026-03-29 22:14:29,397 INFO sqlalchemy.engine.Engine SELECT coalesce(sum(rounds.processed_emails), %(coalesce_2)s) AS coalesce_1 
  [flask] FROM rounds
  [flask] 2026-03-29 22:14:29,397 INFO sqlalchemy.engine.Engine [cached since 898.3s ago] {'coalesce_2': 0}
  [flask] 2026-03-29 22:14:29,397 INFO sqlalchemy.engine.Engine SELECT count(emails.id) AS count_1 
  [flask] FROM emails 
  [flask] WHERE emails.detector_verdict = %(detector_verdict_1)s
  [flask] 2026-03-29 22:14:29,397 INFO sqlalchemy.engine.Engine [cached since 898.3s ago] {'detector_verdict_1': 'phishing'}
  [flask] 2026-03-29 22:14:29,398 INFO sqlalchemy.engine.Engine ROLLBACK
  [flask] 127.0.0.1 - - [29/Mar/2026 22:14:29] "GET /api/stats HTTP/1.1" 200 -
  [flask] 2026-03-29 22:14:29,661 INFO sqlalchemy.engine.Engine BEGIN (implicit)
  [flask] 2026-03-29 22:14:29,662 INFO sqlalchemy.engine.Engine SELECT coalesce(sum(api_calls.cost), %(coalesce_2)s) AS coalesce_1 
  [flask] FROM api_calls
  [flask] 2026-03-29 22:14:29,662 INFO sqlalchemy.engine.Engine [cached since 898.6s ago] {'coalesce_2': 0}
  [flask] 2026-03-29 22:14:29,663 INFO sqlalchemy.engine.Engine SELECT coalesce(sum(rounds.processed_emails), %(coalesce_2)s) AS coalesce_1 
  [flask] FROM rounds
  [flask] 2026-03-29 22:14:29,663 INFO sqlalchemy.engine.Engine [cached since 898.6s ago] {'coalesce_2': 0}
  [flask] 2026-03-29 22:14:29,663 INFO sqlalchemy.engine.Engine SELECT count(emails.id) AS count_1 
  [flask] FROM emails 
  [flask] WHERE emails.detector_verdict = %(detector_verdict_1)s
  [flask] 2026-03-29 22:14:29,663 INFO sqlalchemy.engine.Engine [cached since 898.6s ago] {'detector_verdict_1': 'phishing'}
  [flask] 2026-03-29 22:14:29,664 INFO sqlalchemy.engine.Engine ROLLBACK
  [flask] 127.0.0.1 - - [29/Mar/2026 22:14:29] "GET /api/stats HTTP/1.1" 200 -
  [flask] 127.0.0.1 - - [29/Mar/2026 22:14:43] "OPTIONS /api/auth/me HTTP/1.1" 200 -
  [flask] 127.0.0.1 - - [29/Mar/2026 22:14:43] "OPTIONS /api/extension/instances HTTP/1.1" 200 -
  [flask] 127.0.0.1 - - [29/Mar/2026 22:14:43] "OPTIONS /api/auth/me HTTP/1.1" 200 -
  [flask] 127.0.0.1 - - [29/Mar/2026 22:14:43] "OPTIONS /api/extension/instances HTTP/1.1" 200 -
  [flask] 2026-03-29 22:14:43,893 INFO sqlalchemy.engine.Engine BEGIN (implicit)
  [flask] 2026-03-29 22:14:43,893 INFO sqlalchemy.engine.Engine SELECT users.id AS users_id, users.email AS users_email, users.username AS users_username, users.password_hash AS users_password_hash, users.is_active AS users_is_active, users.email_verified AS users_email_verified, users.password_reset_token AS users_password_reset_token, users.password_reset_expires AS users_password_reset_expires, users.created_at AS users_created_at, users.updated_at AS users_updated_at 
  [flask] FROM users 
  [flask] WHERE users.id = %(pk_1)s
  [flask] 2026-03-29 22:14:43,893 INFO sqlalchemy.engine.Engine [cached since 241.4s ago] {'pk_1': 2}
  [flask] 2026-03-29 22:14:43,895 INFO sqlalchemy.engine.Engine SELECT users_1.id AS users_1_id, roles.id AS roles_id, roles.name AS roles_name, roles.description AS roles_description, roles.created_at AS roles_created_at 
  [flask] FROM users AS users_1 JOIN user_roles AS user_roles_1 ON users_1.id = user_roles_1.user_id JOIN roles ON roles.id = user_roles_1.role_id 
  [flask] WHERE users_1.id IN (%(primary_keys_1)s)
  [flask] 2026-03-29 22:14:43,895 INFO sqlalchemy.engine.Engine [cached since 916.8s ago] {'primary_keys_1': 2}
  [flask] 2026-03-29 22:14:43,896 INFO sqlalchemy.engine.Engine ROLLBACK
  [flask] 127.0.0.1 - - [29/Mar/2026 22:14:43] "GET /api/auth/me HTTP/1.1" 200 -
  [flask] 2026-03-29 22:14:44,218 INFO sqlalchemy.engine.Engine BEGIN (implicit)
  [flask] 2026-03-29 22:14:44,218 INFO sqlalchemy.engine.Engine SELECT extension_instances.id AS extension_instances_id, extension_instances.user_id AS extension_instances_user_id, extension_instances.instance_token AS extension_instances_instance_token, extension_instances.browser AS extension_instances_browser, extension_instances.os_name AS extension_instances_os_name, extension_instances.last_seen AS extension_instances_last_seen, extension_instances.created_at AS extension_instances_created_at 
  [flask] FROM extension_instances 
  [flask] WHERE extension_instances.user_id = %(user_id_1)s ORDER BY extension_instances.created_at DESC
  [flask] 2026-03-29 22:14:44,218 INFO sqlalchemy.engine.Engine [cached since 915.1s ago] {'user_id_1': 2}
  [flask] 2026-03-29 22:14:44,220 INFO sqlalchemy.engine.Engine ROLLBACK
  [flask] 127.0.0.1 - - [29/Mar/2026 22:14:44] "GET /api/extension/instances HTTP/1.1" 200 -
  [flask] 2026-03-29 22:14:44,226 INFO sqlalchemy.engine.Engine BEGIN (implicit)
  [flask] 2026-03-29 22:14:44,227 INFO sqlalchemy.engine.Engine SELECT users.id AS users_id, users.email AS users_email, users.username AS users_username, users.password_hash AS users_password_hash, users.is_active AS users_is_active, users.email_verified AS users_email_verified, users.password_reset_token AS users_password_reset_token, users.password_reset_expires AS users_password_reset