  [next] 
  [next] > frontend@0.1.0 dev
  [next] > next dev
  [next] 
  [next]   ▲ Next.js 14.2.35
  [next]   - Local:        http://localhost:3000
  [next]   - Environments: .env.local
  [next] 
  [next]  ✓ Starting...
  [next]  ✓ Ready in 1147ms
  [next]  ○ Compiling /src/middleware ...
  [next]  ✓ Compiled /src/middleware in 624ms (204 modules)
  [next]  ○ Compiling / ...
  [next]  ✓ Compiled / in 2.4s (533 modules)
  [next]  GET / 307 in 2614ms
  [next]  ✓ Compiled in 217ms (250 modules)
  [next]  ○ Compiling /login ...
  [next]  ✓ Compiled /login in 3.4s (1387 modules)
  [next]  GET /login 200 in 3536ms
  [next]  GET / 307 in 43ms
  [next]  GET /login 200 in 21ms
  [next]  ○ Compiling /api/auth/[...nextauth] ...
  [next]  ✓ Compiled /api/auth/[...nextauth] in 673ms (852 modules)
  [next]  GET /api/auth/session 200 in 967ms
  [next]  GET /api/auth/session 200 in 14ms
  [next]  GET /api/auth/session 200 in 8ms
  [next]  GET /api/auth/session 200 in 7ms
  [next]  GET /login?callbackUrl=http%3A%2F%2Flocalhost%3A3000%2Fdashboard%2Fuser%2Fsettings 200 in 104ms
  [next]  GET /api/auth/session 200 in 31ms
  [next]  GET /api/auth/session 200 in 10ms
  [next]  GET /api/auth/session 200 in 11ms
  [next]  GET /api/auth/session 200 in 11ms
  [next]  GET /api/auth/session 200 in 13ms
  [next]  GET /api/auth/session 200 in 6ms
  [next]  GET /api/auth/providers 200 in 18ms
  [next]  GET /api/auth/csrf 200 in 10ms
  [next]  POST /api/auth/callback/credentials? 200 in 318ms
  [next]  GET /api/auth/session 200 in 21ms
  [next]  GET /api/auth/session 200 in 27ms
  [next]  ○ Compiling /dashboard/user ...
  [next]  ✓ Compiled /dashboard/user in 832ms (1606 modules)
  [next]  GET /api/auth/session 200 in 504ms
  [next]  GET /api/auth/session 200 in 27ms
  [next]  ✓ Compiled in 605ms (1472 modules)
  [next]  ✓ Compiled in 231ms (1616 modules)
  [next]  GET /dashboard/user?_rsc=lb446 200 in 76ms
  [next]  ✓ Compiled /api/auth/[...nextauth] in 249ms (890 modules)
  [next]  GET /api/auth/session 200 in 319ms
  [next]  GET /api/auth/session 200 in 16ms
  [next]  GET /api/auth/session 200 in 16ms
  [next]  GET /api/auth/session 200 in 15ms
  [next]  ○ Compiling /_not-found ...
  [next]  ✓ Compiled /_not-found in 735ms (1605 modules)
  [next]  GET /dashboard/user/credits 404 in 78ms
  [next]  ✓ Compiled /api/auth/[...nextauth] in 128ms (891 modules)
  [next]  GET /api/auth/session 200 in 196ms
  [next]  GET /api/auth/session 200 in 9ms
  [next]  GET /api/auth/session 200 in 11ms
  [next]  GET /api/auth/session 200 in 8ms
  [next]  GET /dashboard/user 200 in 92ms
  [next]  GET /api/auth/session 200 in 27ms
  [next]  GET /api/auth/session 200 in 16ms
  [next]  GET /api/auth/session 200 in 13ms
  [next]  GET /api/auth/session 200 in 13ms
  [next]  ○ Compiling /dashboard/user/settings ...
  [next]  ✓ Compiled /dashboard/user/settings in 521ms (1626 modules)
  [next]  GET /login 200 in 102ms
  [next]  GET /api/auth/session 200 in 31ms
  [next]  GET /api/auth/session 200 in 19ms
  [next]  GET /api/auth/session 200 in 22ms
  [next]  GET /api/auth/session 200 in 23ms
  [next]  GET /api/auth/session 200 in 23ms
  [next]  GET /api/auth/session 200 in 19ms
  [next]  GET /api/auth/session 200 in 21ms
  [next]  GET /api/auth/session 200 in 15ms
  [next]  GET /api/auth/session 200 in 30ms
  [next]  GET /api/auth/session 200 in 13ms
  [next]  GET /api/auth/csrf 200 in 15ms
  [next]  POST /api/auth/signout 200 in 47ms
  [next]  GET /api/auth/session 200 in 6ms
  [next]  GET /login 200 in 22ms
  [next]  GET /api/auth/session 200 in 21ms
  [next]  GET /api/auth/session 200 in 17ms
  [next]  ○ Compiling /icon.svg ...
  [next]  ✓ Compiled /icon.svg in 611ms (929 modules)
  [next]  GET /icon.svg?5bf91561ea2791d9 200 in 774ms
  [next]  GET /api/auth/session 200 in 799ms
  [next]  GET /api/auth/session 200 in 10ms
  [next]  GET /login 200 in 75ms
  [next]  GET /api/auth/session 200 in 23ms
  [next]  GET /icon.svg?5bf91561ea2791d9 200 in 18ms
  [next]  GET /api/auth/session 200 in 21ms
  [next]  GET /api/auth/session 200 